[2023-11-23T04:12:52+08:00][sql] CONNECT:[ UseTime:0.000343s ] mysql:host=127.0.0.1;port=3306;dbname=love_9img_cn;charset=utf8mb4
[2023-11-23T04:12:52+08:00][sql] SHOW FULL COLUMNS FROM `ims_shequshop_school_pay_config` [ RunTime:0.000739s ]
[2023-11-23T04:12:52+08:00][sql] SELECT * FROM `ims_shequshop_school_pay_config` WHERE  `uniacid` = 666 LIMIT 1 [ RunTime:0.000354s ]
[2023-11-23T04:12:52+08:00][sql] SHOW FULL COLUMNS FROM `ims_shequshop_school_config` [ RunTime:0.000661s ]
[2023-11-23T04:12:52+08:00][sql] SELECT * FROM `ims_shequshop_school_config` WHERE  `uniacid` = 666 LIMIT 1 [ RunTime:0.000382s ]
[2023-11-23T04:12:52+08:00][sql] SHOW FULL COLUMNS FROM `ims_massage_service_order_list` [ RunTime:0.000866s ]
[2023-11-23T04:12:52+08:00][sql] SELECT * FROM `ims_massage_service_order_list` WHERE  `order_code` = '20231123010835019700000197'  AND `transaction_id` = '' LIMIT 1 [ RunTime:0.003409s ]
[2023-11-23T04:47:54+08:00][sql] CONNECT:[ UseTime:0.000323s ] mysql:host=127.0.0.1;port=3306;dbname=love_9img_cn;charset=utf8mb4
[2023-11-23T04:47:54+08:00][sql] SHOW FULL COLUMNS FROM `ims_shequshop_school_pay_config` [ RunTime:0.000592s ]
[2023-11-23T04:47:54+08:00][sql] SELECT * FROM `ims_shequshop_school_pay_config` WHERE  `uniacid` = 666 LIMIT 1 [ RunTime:0.000307s ]
[2023-11-23T04:47:54+08:00][sql] SHOW FULL COLUMNS FROM `ims_shequshop_school_config` [ RunTime:0.000524s ]
[2023-11-23T04:47:54+08:00][sql] SELECT * FROM `ims_shequshop_school_config` WHERE  `uniacid` = 666 LIMIT 1 [ RunTime:0.000314s ]
[2023-11-23T04:47:54+08:00][sql] SHOW FULL COLUMNS FROM `ims_massage_service_order_list` [ RunTime:0.000856s ]
[2023-11-23T04:47:54+08:00][sql] SELECT * FROM `ims_massage_service_order_list` WHERE  `order_code` = '20231123044745017300000173'  AND `transaction_id` = '' LIMIT 1 [ RunTime:0.003411s ]
[2023-11-23T04:47:54+08:00][sql] SHOW FULL COLUMNS FROM `ims_massage_service_coach_list` [ RunTime:0.000547s ]
[2023-11-23T04:47:54+08:00][sql] SELECT `id`,`coach_name`,`mobile`,`work_img` FROM `ims_massage_service_coach_list` WHERE  `id` = 348 LIMIT 1 [ RunTime:0.000305s ]
[2023-11-23T04:47:54+08:00][sql] SHOW FULL COLUMNS FROM `ims_massage_service_order_goods_list` [ RunTime:0.000390s ]
[2023-11-23T04:47:54+08:00][sql] SELECT * FROM `ims_massage_service_order_goods_list` WHERE  `order_id` = 4620  AND `status` = 1 [ RunTime:0.000243s ]
[2023-11-23T04:47:54+08:00][sql] SHOW FULL COLUMNS FROM `ims_massage_service_refund_order` [ RunTime:0.000436s ]
[2023-11-23T04:47:54+08:00][sql] SELECT SUM(`b`.`num`) AS think_sum FROM `ims_massage_service_refund_order` `a` INNER JOIN `ims_massage_service_refund_order_goods` `b` ON `a`.`id`=`b`.`refund_id` WHERE  `b`.`order_goods_id` = '3861'  AND `a`.`status` = '2' LIMIT 1 [ RunTime:0.000345s ]
[2023-11-23T04:47:54+08:00][sql] SELECT SUM(`num`) AS think_sum FROM `ims_massage_service_order_goods_list` WHERE  `order_id` = 4620  AND `status` = 1 LIMIT 1 [ RunTime:0.000209s ]
[2023-11-23T04:47:54+08:00][sql] SHOW FULL COLUMNS FROM `ims_massage_service_order_address` [ RunTime:0.000370s ]
[2023-11-23T04:47:54+08:00][sql] SELECT * FROM `ims_massage_service_order_address` WHERE  `order_id` = 4620 LIMIT 1 [ RunTime:0.000214s ]
[2023-11-23T04:47:54+08:00][sql] UPDATE `ims_massage_service_order_list`  SET `transaction_id` = '4200002002202311233960564472' , `pay_type` = 2 , `pay_time` = 1700686071  WHERE  `id` = 4620  AND `transaction_id` = '' [ RunTime:0.000285s ]
[2023-11-23T04:47:54+08:00][sql] SHOW FULL COLUMNS FROM `ims_massage_service_order_commission` [ RunTime:0.000399s ]
[2023-11-23T04:47:54+08:00][sql] UPDATE `ims_massage_service_order_commission`  SET `status` = 1 , `update_time` = 1700686071  WHERE  `order_id` = 4620  AND `status` = -1 [ RunTime:0.002101s ]
[2023-11-23T04:47:54+08:00][sql] SHOW FULL COLUMNS FROM `ims_massage_service_order_price_log` [ RunTime:0.000624s ]
[2023-11-23T04:47:54+08:00][sql] INSERT INTO `ims_massage_service_order_price_log` SET `uniacid` = 666 , `order_id` = 4620 , `order_price` = '335.78' , `top_order_id` = 4620 , `is_top` = 1 , `order_code` = '20231123044745017300000173' , `transaction_id` = '' [ RunTime:0.007306s ]
[2023-11-23T04:47:54+08:00][sql] SHOW FULL COLUMNS FROM `ims_massage_service_notice_list` [ RunTime:0.000557s ]
[2023-11-23T04:47:54+08:00][sql] INSERT INTO `ims_massage_service_notice_list` SET `uniacid` = 666 , `order_id` = 4620 , `type` = 1 , `admin_id` = 0 , `create_time` = 1700686071 [ RunTime:0.004188s ]
[2023-11-23T04:47:54+08:00][sql] SELECT `user_id` FROM `ims_massage_service_coach_list` WHERE  `id` = 348 LIMIT 1 [ RunTime:0.000229s ]
[2023-11-23T04:47:54+08:00][sql] SHOW FULL COLUMNS FROM `ims_massage_service_user_list` [ RunTime:0.000477s ]
[2023-11-23T04:47:54+08:00][sql] SELECT * FROM `ims_massage_service_user_list` WHERE  `id` = 2553 LIMIT 1 [ RunTime:0.000248s ]
[2023-11-23T04:47:54+08:00][sql] SHOW FULL COLUMNS FROM `ims_massage_send_msg_config` [ RunTime:0.000534s ]
[2023-11-23T04:47:54+08:00][sql] SELECT * FROM `ims_massage_send_msg_config` WHERE  `uniacid` = 666 LIMIT 1 [ RunTime:0.000179s ]
[2023-11-23T04:47:54+08:00][sql] SELECT * FROM `ims_shequshop_school_config` WHERE  `uniacid` = 666 LIMIT 1 [ RunTime:0.000332s ]
[2023-11-23T04:47:54+08:00][sql] SELECT * FROM `ims_massage_send_msg_config` WHERE  `uniacid` = 666 LIMIT 1 [ RunTime:0.000185s ]
[2023-11-23T04:47:54+08:00][sql] SELECT `b`.`web_openid` FROM `ims_massage_service_coach_list` `a` INNER JOIN `ims_massage_service_user_list` `b` ON `a`.`user_id`=`b`.`id` WHERE  `a`.`id` = '348' LIMIT 1 [ RunTime:0.000271s ]
[2023-11-23T04:47:54+08:00][sql] SELECT `coach_name` FROM `ims_massage_service_coach_list` WHERE  `id` = 348 LIMIT 1 [ RunTime:0.000155s ]
[2023-11-23T04:47:54+08:00][sql] SELECT * FROM `ims_shequshop_school_config` WHERE  `uniacid` = 666 LIMIT 1 [ RunTime:0.000304s ]
[2023-11-23T04:47:54+08:00][sql] SELECT * FROM `ims_shequshop_school_config` WHERE  `uniacid` = 666 LIMIT 1 [ RunTime:0.000301s ]
[2023-11-23T04:47:54+08:00][sql] SELECT `phone` FROM `ims_massage_service_user_list` WHERE  `id` = 3500 LIMIT 1 [ RunTime:0.000341s ]
[2023-11-23T04:47:54+08:00][sql] SELECT * FROM `ims_massage_send_msg_config` WHERE  `uniacid` = 666 LIMIT 1 [ RunTime:0.000349s ]
[2023-11-23T04:47:54+08:00][sql] SELECT * FROM `ims_shequshop_school_config` WHERE  `uniacid` = 666 LIMIT 1 [ RunTime:0.000337s ]
[2023-11-23T04:47:54+08:00][sql] SELECT * FROM `ims_massage_send_msg_config` WHERE  `uniacid` = 666 LIMIT 1 [ RunTime:0.000184s ]
[2023-11-23T04:47:54+08:00][sql] SELECT `coach_name` FROM `ims_massage_service_coach_list` WHERE  `id` = 348 LIMIT 1 [ RunTime:0.000167s ]
[2023-11-23T04:47:54+08:00][sql] SELECT * FROM `ims_shequshop_school_config` WHERE  `uniacid` = 666 LIMIT 1 [ RunTime:0.000294s ]
[2023-11-23T04:47:54+08:00][sql] SELECT * FROM `ims_shequshop_school_config` WHERE  `uniacid` = 666 LIMIT 1 [ RunTime:0.000282s ]
[2023-11-23T04:47:54+08:00][sql] SELECT `phone` FROM `ims_massage_service_user_list` WHERE  `id` = 3500 LIMIT 1 [ RunTime:0.000183s ]
[2023-11-23T04:47:54+08:00][sql] SELECT * FROM `ims_massage_send_msg_config` WHERE  `uniacid` = 666 LIMIT 1 [ RunTime:0.000373s ]
[2023-11-23T04:47:54+08:00][sql] SELECT * FROM `ims_shequshop_school_config` WHERE  `uniacid` = 666 LIMIT 1 [ RunTime:0.000373s ]
[2023-11-23T04:47:54+08:00][sql] SELECT * FROM `ims_massage_send_msg_config` WHERE  `uniacid` = 666 LIMIT 1 [ RunTime:0.000168s ]
[2023-11-23T04:47:54+08:00][sql] SELECT `coach_name` FROM `ims_massage_service_coach_list` WHERE  `id` = 348 LIMIT 1 [ RunTime:0.000168s ]
[2023-11-23T04:47:54+08:00][sql] SELECT * FROM `ims_shequshop_school_config` WHERE  `uniacid` = 666 LIMIT 1 [ RunTime:0.000291s ]
[2023-11-23T04:47:54+08:00][sql] SELECT * FROM `ims_shequshop_school_config` WHERE  `uniacid` = 666 LIMIT 1 [ RunTime:0.000289s ]
[2023-11-23T04:47:54+08:00][sql] SELECT `phone` FROM `ims_massage_service_user_list` WHERE  `id` = 3500 LIMIT 1 [ RunTime:0.000175s ]
[2023-11-23T04:47:54+08:00][sql] SELECT `mobile` FROM `ims_massage_service_coach_list` WHERE  `id` = 348 LIMIT 1 [ RunTime:0.000350s ]
[2023-11-23T04:47:54+08:00][sql] SHOW FULL COLUMNS FROM `ims_massage_short_code_config` [ RunTime:0.000512s ]
[2023-11-23T04:47:54+08:00][sql] SELECT * FROM `ims_massage_short_code_config` WHERE  `uniacid` = 666 LIMIT 1 [ RunTime:0.000205s ]
[2023-11-23T04:47:54+08:00][sql] SELECT * FROM `ims_shequshop_school_config` WHERE  `uniacid` = 666 LIMIT 1 [ RunTime:0.000308s ]
[2023-11-23T04:47:54+08:00][error] [10500]method not exist:think\db\Query->sendShortMsgzhanzhang[/www/wwwroot/love.9img.cn/vendor/topthink/think-orm/src/db/BaseQuery.php:117]
