[2023-11-23T00:28:59+08:00][sql] CONNECT:[ UseTime:0.000337s ] mysql:host=127.0.0.1;port=3306;dbname=love_9img_cn;charset=utf8mb4
[2023-11-23T00:28:59+08:00][sql] SHOW FULL COLUMNS FROM `ims_shequshop_school_pay_config` [ RunTime:0.000640s ]
[2023-11-23T00:28:59+08:00][sql] SELECT * FROM `ims_shequshop_school_pay_config` WHERE  `uniacid` = 666 LIMIT 1 [ RunTime:0.000335s ]
[2023-11-23T00:28:59+08:00][sql] SHOW FULL COLUMNS FROM `ims_shequshop_school_config` [ RunTime:0.000590s ]
[2023-11-23T00:28:59+08:00][sql] SELECT * FROM `ims_shequshop_school_config` WHERE  `uniacid` = 666 LIMIT 1 [ RunTime:0.000355s ]
[2023-11-23T00:28:59+08:00][sql] SHOW FULL COLUMNS FROM `ims_massage_service_order_list` [ RunTime:0.000811s ]
[2023-11-23T00:28:59+08:00][sql] SELECT * FROM `ims_massage_service_order_list` WHERE  `order_code` = '20231122232442029900000299'  AND `transaction_id` = '' LIMIT 1 [ RunTime:0.003369s ]
[2023-11-23T00:30:56+08:00][sql] CONNECT:[ UseTime:0.000305s ] mysql:host=127.0.0.1;port=3306;dbname=love_9img_cn;charset=utf8mb4
[2023-11-23T00:30:56+08:00][sql] SHOW FULL COLUMNS FROM `ims_shequshop_school_pay_config` [ RunTime:0.000654s ]
[2023-11-23T00:30:56+08:00][sql] SELECT * FROM `ims_shequshop_school_pay_config` WHERE  `uniacid` = 666 LIMIT 1 [ RunTime:0.000329s ]
[2023-11-23T00:30:56+08:00][sql] SHOW FULL COLUMNS FROM `ims_shequshop_school_config` [ RunTime:0.000599s ]
[2023-11-23T00:30:56+08:00][sql] SELECT * FROM `ims_shequshop_school_config` WHERE  `uniacid` = 666 LIMIT 1 [ RunTime:0.000396s ]
[2023-11-23T00:30:56+08:00][sql] SHOW FULL COLUMNS FROM `ims_massage_service_order_list` [ RunTime:0.000933s ]
[2023-11-23T00:30:56+08:00][sql] SELECT * FROM `ims_massage_service_order_list` WHERE  `order_code` = '20231123003036045400000454'  AND `transaction_id` = '' LIMIT 1 [ RunTime:0.003811s ]
[2023-11-23T00:30:56+08:00][sql] SHOW FULL COLUMNS FROM `ims_massage_service_coach_list` [ RunTime:0.000541s ]
[2023-11-23T00:30:56+08:00][sql] SELECT `id`,`coach_name`,`mobile`,`work_img` FROM `ims_massage_service_coach_list` WHERE  `id` = 306 LIMIT 1 [ RunTime:0.000268s ]
[2023-11-23T00:30:56+08:00][sql] SHOW FULL COLUMNS FROM `ims_massage_service_order_goods_list` [ RunTime:0.000439s ]
[2023-11-23T00:30:56+08:00][sql] SELECT * FROM `ims_massage_service_order_goods_list` WHERE  `order_id` = 4618  AND `status` = 1 [ RunTime:0.000243s ]
[2023-11-23T00:30:56+08:00][sql] SHOW FULL COLUMNS FROM `ims_massage_service_refund_order` [ RunTime:0.000403s ]
[2023-11-23T00:30:56+08:00][sql] SELECT SUM(`b`.`num`) AS think_sum FROM `ims_massage_service_refund_order` `a` INNER JOIN `ims_massage_service_refund_order_goods` `b` ON `a`.`id`=`b`.`refund_id` WHERE  `b`.`order_goods_id` = '3859'  AND `a`.`status` = '2' LIMIT 1 [ RunTime:0.000360s ]
[2023-11-23T00:30:56+08:00][sql] SELECT SUM(`num`) AS think_sum FROM `ims_massage_service_order_goods_list` WHERE  `order_id` = 4618  AND `status` = 1 LIMIT 1 [ RunTime:0.000203s ]
[2023-11-23T00:30:56+08:00][sql] SHOW FULL COLUMNS FROM `ims_massage_service_order_address` [ RunTime:0.000410s ]
[2023-11-23T00:30:56+08:00][sql] SELECT * FROM `ims_massage_service_order_address` WHERE  `order_id` = 4618 LIMIT 1 [ RunTime:0.000275s ]
[2023-11-23T00:30:56+08:00][sql] UPDATE `ims_massage_service_order_list`  SET `transaction_id` = '4200001999202311237737891915' , `pay_type` = 2 , `pay_time` = 1700670654  WHERE  `id` = 4618  AND `transaction_id` = '' [ RunTime:0.000291s ]
[2023-11-23T00:30:56+08:00][sql] SHOW FULL COLUMNS FROM `ims_massage_service_order_commission` [ RunTime:0.000423s ]
[2023-11-23T00:30:56+08:00][sql] UPDATE `ims_massage_service_order_commission`  SET `status` = 1 , `update_time` = 1700670654  WHERE  `order_id` = 4618  AND `status` = -1 [ RunTime:0.002001s ]
[2023-11-23T00:30:56+08:00][sql] SHOW FULL COLUMNS FROM `ims_massage_service_order_price_log` [ RunTime:0.000621s ]
[2023-11-23T00:30:56+08:00][sql] INSERT INTO `ims_massage_service_order_price_log` SET `uniacid` = 666 , `order_id` = 4618 , `order_price` = '720.02' , `top_order_id` = 4618 , `is_top` = 1 , `order_code` = '20231123003036045400000454' , `transaction_id` = '' [ RunTime:0.005989s ]
[2023-11-23T00:30:56+08:00][sql] SHOW FULL COLUMNS FROM `ims_massage_service_notice_list` [ RunTime:0.000386s ]
[2023-11-23T00:30:56+08:00][sql] INSERT INTO `ims_massage_service_notice_list` SET `uniacid` = 666 , `order_id` = 4618 , `type` = 1 , `admin_id` = 0 , `create_time` = 1700670654 [ RunTime:0.004484s ]
[2023-11-23T00:30:56+08:00][sql] SELECT `user_id` FROM `ims_massage_service_coach_list` WHERE  `id` = 306 LIMIT 1 [ RunTime:0.000222s ]
[2023-11-23T00:30:56+08:00][sql] SHOW FULL COLUMNS FROM `ims_massage_service_user_list` [ RunTime:0.000444s ]
[2023-11-23T00:30:56+08:00][sql] SELECT * FROM `ims_massage_service_user_list` WHERE  `id` = 877 LIMIT 1 [ RunTime:0.000256s ]
[2023-11-23T00:30:56+08:00][sql] SHOW FULL COLUMNS FROM `ims_massage_send_msg_config` [ RunTime:0.000498s ]
[2023-11-23T00:30:56+08:00][sql] SELECT * FROM `ims_massage_send_msg_config` WHERE  `uniacid` = 666 LIMIT 1 [ RunTime:0.000208s ]
[2023-11-23T00:30:56+08:00][sql] SELECT * FROM `ims_shequshop_school_config` WHERE  `uniacid` = 666 LIMIT 1 [ RunTime:0.000339s ]
[2023-11-23T00:30:56+08:00][sql] SELECT * FROM `ims_massage_send_msg_config` WHERE  `uniacid` = 666 LIMIT 1 [ RunTime:0.000168s ]
[2023-11-23T00:30:56+08:00][sql] SELECT `b`.`web_openid` FROM `ims_massage_service_coach_list` `a` INNER JOIN `ims_massage_service_user_list` `b` ON `a`.`user_id`=`b`.`id` WHERE  `a`.`id` = '306' LIMIT 1 [ RunTime:0.000221s ]
[2023-11-23T00:30:56+08:00][sql] SELECT `coach_name` FROM `ims_massage_service_coach_list` WHERE  `id` = 306 LIMIT 1 [ RunTime:0.000150s ]
[2023-11-23T00:30:56+08:00][sql] SELECT * FROM `ims_shequshop_school_config` WHERE  `uniacid` = 666 LIMIT 1 [ RunTime:0.000331s ]
[2023-11-23T00:30:56+08:00][sql] SELECT * FROM `ims_shequshop_school_config` WHERE  `uniacid` = 666 LIMIT 1 [ RunTime:0.000295s ]
[2023-11-23T00:30:56+08:00][sql] SELECT `phone` FROM `ims_massage_service_user_list` WHERE  `id` = 3892 LIMIT 1 [ RunTime:0.000340s ]
[2023-11-23T00:30:56+08:00][sql] SELECT * FROM `ims_massage_send_msg_config` WHERE  `uniacid` = 666 LIMIT 1 [ RunTime:0.000375s ]
[2023-11-23T00:30:56+08:00][sql] SELECT * FROM `ims_shequshop_school_config` WHERE  `uniacid` = 666 LIMIT 1 [ RunTime:0.000432s ]
[2023-11-23T00:30:56+08:00][sql] SELECT * FROM `ims_massage_send_msg_config` WHERE  `uniacid` = 666 LIMIT 1 [ RunTime:0.000242s ]
[2023-11-23T00:30:56+08:00][sql] SELECT `coach_name` FROM `ims_massage_service_coach_list` WHERE  `id` = 306 LIMIT 1 [ RunTime:0.000207s ]
[2023-11-23T00:30:56+08:00][sql] SELECT * FROM `ims_shequshop_school_config` WHERE  `uniacid` = 666 LIMIT 1 [ RunTime:0.000345s ]
[2023-11-23T00:30:56+08:00][sql] SELECT * FROM `ims_shequshop_school_config` WHERE  `uniacid` = 666 LIMIT 1 [ RunTime:0.000383s ]
[2023-11-23T00:30:56+08:00][sql] SELECT `phone` FROM `ims_massage_service_user_list` WHERE  `id` = 3892 LIMIT 1 [ RunTime:0.000194s ]
[2023-11-23T00:30:56+08:00][sql] SELECT * FROM `ims_massage_send_msg_config` WHERE  `uniacid` = 666 LIMIT 1 [ RunTime:0.000401s ]
[2023-11-23T00:30:56+08:00][sql] SELECT * FROM `ims_shequshop_school_config` WHERE  `uniacid` = 666 LIMIT 1 [ RunTime:0.000408s ]
[2023-11-23T00:30:56+08:00][sql] SELECT * FROM `ims_massage_send_msg_config` WHERE  `uniacid` = 666 LIMIT 1 [ RunTime:0.000209s ]
[2023-11-23T00:30:56+08:00][sql] SELECT `coach_name` FROM `ims_massage_service_coach_list` WHERE  `id` = 306 LIMIT 1 [ RunTime:0.000163s ]
[2023-11-23T00:30:56+08:00][sql] SELECT * FROM `ims_shequshop_school_config` WHERE  `uniacid` = 666 LIMIT 1 [ RunTime:0.000361s ]
[2023-11-23T00:30:56+08:00][sql] SELECT * FROM `ims_shequshop_school_config` WHERE  `uniacid` = 666 LIMIT 1 [ RunTime:0.000307s ]
[2023-11-23T00:30:56+08:00][sql] SELECT `phone` FROM `ims_massage_service_user_list` WHERE  `id` = 3892 LIMIT 1 [ RunTime:0.000184s ]
[2023-11-23T00:30:56+08:00][sql] SELECT `mobile` FROM `ims_massage_service_coach_list` WHERE  `id` = 306 LIMIT 1 [ RunTime:0.000409s ]
[2023-11-23T00:30:56+08:00][sql] SHOW FULL COLUMNS FROM `ims_massage_short_code_config` [ RunTime:0.000511s ]
[2023-11-23T00:30:56+08:00][sql] SELECT * FROM `ims_massage_short_code_config` WHERE  `uniacid` = 666 LIMIT 1 [ RunTime:0.000186s ]
[2023-11-23T00:30:56+08:00][sql] SELECT * FROM `ims_shequshop_school_config` WHERE  `uniacid` = 666 LIMIT 1 [ RunTime:0.000292s ]
[2023-11-23T00:30:56+08:00][error] [10500]method not exist:think\db\Query->sendShortMsgzhanzhang[/www/wwwroot/love.9img.cn/vendor/topthink/think-orm/src/db/BaseQuery.php:117]
