[2023-11-23T01:08:45+08:00][sql] CONNECT:[ UseTime:0.000311s ] mysql:host=127.0.0.1;port=3306;dbname=love_9img_cn;charset=utf8mb4
[2023-11-23T01:08:45+08:00][sql] SHOW FULL COLUMNS FROM `ims_shequshop_school_pay_config` [ RunTime:0.000648s ]
[2023-11-23T01:08:45+08:00][sql] SELECT * FROM `ims_shequshop_school_pay_config` WHERE  `uniacid` = 666 LIMIT 1 [ RunTime:0.000292s ]
[2023-11-23T01:08:45+08:00][sql] SHOW FULL COLUMNS FROM `ims_shequshop_school_config` [ RunTime:0.000544s ]
[2023-11-23T01:08:45+08:00][sql] SELECT * FROM `ims_shequshop_school_config` WHERE  `uniacid` = 666 LIMIT 1 [ RunTime:0.000340s ]
[2023-11-23T01:08:45+08:00][sql] SHOW FULL COLUMNS FROM `ims_massage_service_order_list` [ RunTime:0.000825s ]
[2023-11-23T01:08:45+08:00][sql] SELECT * FROM `ims_massage_service_order_list` WHERE  `order_code` = '20231123010835019700000197'  AND `transaction_id` = '' LIMIT 1 [ RunTime:0.003385s ]
[2023-11-23T01:08:47+08:00][sql] CONNECT:[ UseTime:0.000315s ] mysql:host=127.0.0.1;port=3306;dbname=love_9img_cn;charset=utf8mb4
[2023-11-23T01:08:47+08:00][sql] SHOW FULL COLUMNS FROM `ims_shequshop_school_pay_config` [ RunTime:0.000650s ]
[2023-11-23T01:08:47+08:00][sql] SELECT * FROM `ims_shequshop_school_pay_config` WHERE  `uniacid` = 666 LIMIT 1 [ RunTime:0.000313s ]
[2023-11-23T01:08:47+08:00][sql] SHOW FULL COLUMNS FROM `ims_shequshop_school_config` [ RunTime:0.000538s ]
[2023-11-23T01:08:47+08:00][sql] SELECT * FROM `ims_shequshop_school_config` WHERE  `uniacid` = 666 LIMIT 1 [ RunTime:0.000307s ]
[2023-11-23T01:08:47+08:00][sql] SHOW FULL COLUMNS FROM `ims_massage_service_order_list` [ RunTime:0.000842s ]
[2023-11-23T01:08:47+08:00][sql] SELECT * FROM `ims_massage_service_order_list` WHERE  `order_code` = '20231123010835019700000197'  AND `transaction_id` = '' LIMIT 1 [ RunTime:0.003476s ]
[2023-11-23T01:08:47+08:00][sql] SHOW FULL COLUMNS FROM `ims_massage_service_coach_list` [ RunTime:0.000547s ]
[2023-11-23T01:08:47+08:00][sql] SELECT `id`,`coach_name`,`mobile`,`work_img` FROM `ims_massage_service_coach_list` WHERE  `id` = 292 LIMIT 1 [ RunTime:0.000234s ]
[2023-11-23T01:08:47+08:00][sql] SHOW FULL COLUMNS FROM `ims_massage_service_order_goods_list` [ RunTime:0.000440s ]
[2023-11-23T01:08:47+08:00][sql] SELECT * FROM `ims_massage_service_order_goods_list` WHERE  `order_id` = 4619  AND `status` = 1 [ RunTime:0.000242s ]
[2023-11-23T01:08:47+08:00][sql] SHOW FULL COLUMNS FROM `ims_massage_service_refund_order` [ RunTime:0.000457s ]
[2023-11-23T01:08:47+08:00][sql] SELECT SUM(`b`.`num`) AS think_sum FROM `ims_massage_service_refund_order` `a` INNER JOIN `ims_massage_service_refund_order_goods` `b` ON `a`.`id`=`b`.`refund_id` WHERE  `b`.`order_goods_id` = '3860'  AND `a`.`status` = '2' LIMIT 1 [ RunTime:0.000341s ]
[2023-11-23T01:08:47+08:00][sql] SELECT SUM(`num`) AS think_sum FROM `ims_massage_service_order_goods_list` WHERE  `order_id` = 4619  AND `status` = 1 LIMIT 1 [ RunTime:0.000197s ]
[2023-11-23T01:08:47+08:00][sql] SHOW FULL COLUMNS FROM `ims_massage_service_order_address` [ RunTime:0.000393s ]
[2023-11-23T01:08:47+08:00][sql] SELECT * FROM `ims_massage_service_order_address` WHERE  `order_id` = 4619 LIMIT 1 [ RunTime:0.000202s ]
[2023-11-23T01:08:47+08:00][sql] UPDATE `ims_massage_service_order_list`  SET `transaction_id` = '4200001994202311239581605022' , `pay_type` = 2 , `pay_time` = 1700672924  WHERE  `id` = 4619  AND `transaction_id` = '' [ RunTime:0.000274s ]
[2023-11-23T01:08:47+08:00][sql] SHOW FULL COLUMNS FROM `ims_massage_service_order_commission` [ RunTime:0.000389s ]
[2023-11-23T01:08:47+08:00][sql] UPDATE `ims_massage_service_order_commission`  SET `status` = 1 , `update_time` = 1700672924  WHERE  `order_id` = 4619  AND `status` = -1 [ RunTime:0.001803s ]
[2023-11-23T01:08:47+08:00][sql] SHOW FULL COLUMNS FROM `ims_massage_service_order_price_log` [ RunTime:0.000592s ]
[2023-11-23T01:08:47+08:00][sql] INSERT INTO `ims_massage_service_order_price_log` SET `uniacid` = 666 , `order_id` = 4619 , `order_price` = '290.97' , `top_order_id` = 4619 , `is_top` = 1 , `order_code` = '20231123010835019700000197' , `transaction_id` = '' [ RunTime:0.004793s ]
[2023-11-23T01:08:47+08:00][sql] SHOW FULL COLUMNS FROM `ims_massage_service_notice_list` [ RunTime:0.000528s ]
[2023-11-23T01:08:47+08:00][sql] INSERT INTO `ims_massage_service_notice_list` SET `uniacid` = 666 , `order_id` = 4619 , `type` = 1 , `admin_id` = 0 , `create_time` = 1700672924 [ RunTime:0.004820s ]
[2023-11-23T01:08:47+08:00][sql] SELECT `user_id` FROM `ims_massage_service_coach_list` WHERE  `id` = 292 LIMIT 1 [ RunTime:0.000255s ]
[2023-11-23T01:08:47+08:00][sql] SHOW FULL COLUMNS FROM `ims_massage_service_user_list` [ RunTime:0.000483s ]
[2023-11-23T01:08:47+08:00][sql] SELECT * FROM `ims_massage_service_user_list` WHERE  `id` = 864 LIMIT 1 [ RunTime:0.000248s ]
[2023-11-23T01:08:47+08:00][sql] SHOW FULL COLUMNS FROM `ims_massage_send_msg_config` [ RunTime:0.000511s ]
[2023-11-23T01:08:47+08:00][sql] SELECT * FROM `ims_massage_send_msg_config` WHERE  `uniacid` = 666 LIMIT 1 [ RunTime:0.000216s ]
[2023-11-23T01:08:47+08:00][sql] SELECT * FROM `ims_shequshop_school_config` WHERE  `uniacid` = 666 LIMIT 1 [ RunTime:0.000354s ]
[2023-11-23T01:08:47+08:00][sql] SELECT * FROM `ims_massage_send_msg_config` WHERE  `uniacid` = 666 LIMIT 1 [ RunTime:0.000243s ]
[2023-11-23T01:08:47+08:00][sql] SELECT `b`.`web_openid` FROM `ims_massage_service_coach_list` `a` INNER JOIN `ims_massage_service_user_list` `b` ON `a`.`user_id`=`b`.`id` WHERE  `a`.`id` = '292' LIMIT 1 [ RunTime:0.000229s ]
[2023-11-23T01:08:47+08:00][sql] SELECT `coach_name` FROM `ims_massage_service_coach_list` WHERE  `id` = 292 LIMIT 1 [ RunTime:0.000177s ]
[2023-11-23T01:08:47+08:00][sql] SELECT * FROM `ims_shequshop_school_config` WHERE  `uniacid` = 666 LIMIT 1 [ RunTime:0.000378s ]
[2023-11-23T01:08:47+08:00][sql] SELECT * FROM `ims_shequshop_school_config` WHERE  `uniacid` = 666 LIMIT 1 [ RunTime:0.000293s ]
[2023-11-23T01:08:47+08:00][sql] SELECT `phone` FROM `ims_massage_service_user_list` WHERE  `id` = 3460 LIMIT 1 [ RunTime:0.000349s ]
[2023-11-23T01:08:47+08:00][sql] SELECT * FROM `ims_massage_send_msg_config` WHERE  `uniacid` = 666 LIMIT 1 [ RunTime:0.000369s ]
[2023-11-23T01:08:47+08:00][sql] SELECT * FROM `ims_shequshop_school_config` WHERE  `uniacid` = 666 LIMIT 1 [ RunTime:0.000349s ]
[2023-11-23T01:08:47+08:00][sql] SELECT * FROM `ims_massage_send_msg_config` WHERE  `uniacid` = 666 LIMIT 1 [ RunTime:0.000256s ]
[2023-11-23T01:08:47+08:00][sql] SELECT `coach_name` FROM `ims_massage_service_coach_list` WHERE  `id` = 292 LIMIT 1 [ RunTime:0.000184s ]
[2023-11-23T01:08:47+08:00][sql] SELECT * FROM `ims_shequshop_school_config` WHERE  `uniacid` = 666 LIMIT 1 [ RunTime:0.000309s ]
[2023-11-23T01:08:47+08:00][sql] SELECT * FROM `ims_shequshop_school_config` WHERE  `uniacid` = 666 LIMIT 1 [ RunTime:0.000277s ]
[2023-11-23T01:08:47+08:00][sql] SELECT `phone` FROM `ims_massage_service_user_list` WHERE  `id` = 3460 LIMIT 1 [ RunTime:0.000157s ]
[2023-11-23T01:08:47+08:00][sql] SELECT * FROM `ims_massage_send_msg_config` WHERE  `uniacid` = 666 LIMIT 1 [ RunTime:0.000409s ]
[2023-11-23T01:08:47+08:00][sql] SELECT * FROM `ims_shequshop_school_config` WHERE  `uniacid` = 666 LIMIT 1 [ RunTime:0.000367s ]
[2023-11-23T01:08:47+08:00][sql] SELECT * FROM `ims_massage_send_msg_config` WHERE  `uniacid` = 666 LIMIT 1 [ RunTime:0.000185s ]
[2023-11-23T01:08:47+08:00][sql] SELECT `coach_name` FROM `ims_massage_service_coach_list` WHERE  `id` = 292 LIMIT 1 [ RunTime:0.000167s ]
[2023-11-23T01:08:47+08:00][sql] SELECT * FROM `ims_shequshop_school_config` WHERE  `uniacid` = 666 LIMIT 1 [ RunTime:0.000357s ]
[2023-11-23T01:08:47+08:00][sql] SELECT * FROM `ims_shequshop_school_config` WHERE  `uniacid` = 666 LIMIT 1 [ RunTime:0.000273s ]
[2023-11-23T01:08:47+08:00][sql] SELECT `phone` FROM `ims_massage_service_user_list` WHERE  `id` = 3460 LIMIT 1 [ RunTime:0.000186s ]
[2023-11-23T01:08:47+08:00][sql] SELECT `mobile` FROM `ims_massage_service_coach_list` WHERE  `id` = 292 LIMIT 1 [ RunTime:0.000338s ]
[2023-11-23T01:08:47+08:00][sql] SHOW FULL COLUMNS FROM `ims_massage_short_code_config` [ RunTime:0.000470s ]
[2023-11-23T01:08:47+08:00][sql] SELECT * FROM `ims_massage_short_code_config` WHERE  `uniacid` = 666 LIMIT 1 [ RunTime:0.000207s ]
[2023-11-23T01:08:47+08:00][sql] SELECT * FROM `ims_shequshop_school_config` WHERE  `uniacid` = 666 LIMIT 1 [ RunTime:0.000462s ]
[2023-11-23T01:08:47+08:00][error] [10500]method not exist:think\db\Query->sendShortMsgzhanzhang[/www/wwwroot/love.9img.cn/vendor/topthink/think-orm/src/db/BaseQuery.php:117]
