[2023-11-23T06:12:08+08:00][sql] CONNECT:[ UseTime:0.000340s ] mysql:host=127.0.0.1;port=3306;dbname=love_9img_cn;charset=utf8mb4
[2023-11-23T06:12:08+08:00][sql] SHOW FULL COLUMNS FROM `ims_shequshop_school_pay_config` [ RunTime:0.000665s ]
[2023-11-23T06:12:08+08:00][sql] SELECT * FROM `ims_shequshop_school_pay_config` WHERE  `uniacid` = 666 LIMIT 1 [ RunTime:0.000356s ]
[2023-11-23T06:12:08+08:00][sql] SHOW FULL COLUMNS FROM `ims_shequshop_school_config` [ RunTime:0.000599s ]
[2023-11-23T06:12:08+08:00][sql] SELECT * FROM `ims_shequshop_school_config` WHERE  `uniacid` = 666 LIMIT 1 [ RunTime:0.000314s ]
[2023-11-23T06:12:08+08:00][sql] SHOW FULL COLUMNS FROM `ims_massage_service_up_order_list` [ RunTime:0.000697s ]
[2023-11-23T06:12:08+08:00][sql] SELECT * FROM `ims_massage_service_up_order_list` WHERE  `order_code` = '20231123061202036000000360'  AND `transaction_id` = '' LIMIT 1 [ RunTime:0.000395s ]
[2023-11-23T06:12:08+08:00][sql] SHOW FULL COLUMNS FROM `ims_massage_service_up_order_goods_list` [ RunTime:0.000423s ]
[2023-11-23T06:12:08+08:00][sql] SELECT * FROM `ims_massage_service_up_order_goods_list` WHERE  `order_id` = 136 [ RunTime:0.000273s ]
[2023-11-23T06:12:08+08:00][sql] SHOW FULL COLUMNS FROM `ims_massage_service_order_goods_list` [ RunTime:0.000429s ]
[2023-11-23T06:12:08+08:00][sql] SELECT `goods_name`,`price`,`true_price`,`goods_cover` FROM `ims_massage_service_order_goods_list` WHERE  `id` = 3861 LIMIT 1 [ RunTime:0.000176s ]
[2023-11-23T06:12:08+08:00][sql] UPDATE `ims_massage_service_up_order_list`  SET `transaction_id` = '4200002000202311230546102252' , `pay_type` = 2 , `pay_time` = 1700691128  WHERE  `id` = 136  AND `transaction_id` = '' [ RunTime:0.000235s ]
[2023-11-23T06:12:08+08:00][sql] SHOW FULL COLUMNS FROM `ims_massage_service_order_price_log` [ RunTime:0.000427s ]
[2023-11-23T06:12:08+08:00][sql] INSERT INTO `ims_massage_service_order_price_log` SET `uniacid` = 666 , `order_id` = 136 , `order_price` = '128.00' , `top_order_id` = 4620 , `is_top` = 0 , `order_code` = '20231123061202036000000360' , `transaction_id` = '' [ RunTime:0.000183s ]
[2023-11-23T06:12:08+08:00][sql] SELECT *,goods_name as title,goods_cover as cover,goods_id as service_id FROM `ims_massage_service_up_order_goods_list` WHERE  `order_id` = 136 [ RunTime:0.000263s ]
[2023-11-23T06:12:08+08:00][sql] SELECT `goods_name`,`price`,`true_price`,`goods_cover` FROM `ims_massage_service_order_goods_list` WHERE  `id` = 3861 LIMIT 1 [ RunTime:0.000151s ]
[2023-11-23T06:12:08+08:00][sql] SELECT * FROM `ims_massage_service_order_goods_list` WHERE  `goods_name` = '暖腹柔情SPA'  AND `goods_cover` = 'https://love.9img.cn/attachment/image/666/23/06/f219a62eeef54ed79ebeee95346a79b2.jpg'  AND `price` = '426.00'  AND `true_price` = '426.00'  AND `time_long` = 90  AND `order_id` = 4620 LIMIT 1 [ RunTime:0.000250s ]
[2023-11-23T06:12:08+08:00][sql] INSERT INTO `ims_massage_service_order_goods_list` SET `uniacid` = 666 , `order_id` = 4620 , `user_id` = 3500 , `pay_type` = 1 , `coach_id` = 348 , `goods_name` = '暖腹柔情SPA' , `goods_cover` = 'https://love.9img.cn/attachment/image/666/23/06/f219a62eeef54ed79ebeee95346a79b2.jpg' , `price` = '426.00' , `true_price` = '426.00' , `time_long` = 90 , `num` = 1 , `can_refund_num` = 1 , `goods_id` = 170 [ RunTime:0.000206s ]
[2023-11-23T06:12:08+08:00][sql] SELECT * FROM `ims_massage_service_order_goods_list` WHERE  `id` = 3861 LIMIT 1 [ RunTime:0.000174s ]
[2023-11-23T06:12:08+08:00][sql] SHOW FULL COLUMNS FROM `ims_massage_service_refund_order` [ RunTime:0.000447s ]
[2023-11-23T06:12:08+08:00][sql] SELECT SUM(`b`.`num`) AS think_sum FROM `ims_massage_service_refund_order` `a` INNER JOIN `ims_massage_service_refund_order_goods` `b` ON `a`.`id`=`b`.`refund_id` WHERE  `b`.`order_goods_id` = '3861'  AND `a`.`status` = '2' LIMIT 1 [ RunTime:0.000341s ]
[2023-11-23T06:12:08+08:00][sql] SHOW FULL COLUMNS FROM `ims_massage_service_service_list` [ RunTime:0.000499s ]
[2023-11-23T06:12:08+08:00][sql] SELECT * FROM `ims_massage_service_service_list` WHERE  `id` = 174 LIMIT 1 [ RunTime:0.000230s ]
[2023-11-23T06:12:08+08:00][sql] SHOW FULL COLUMNS FROM `ims_massage_service_service_coach` [ RunTime:0.000366s ]
[2023-11-23T06:12:08+08:00][sql] SELECT `coach_id` FROM `ims_massage_service_service_coach` WHERE  `ser_id` = 174 [ RunTime:0.000360s ]
[2023-11-23T06:12:08+08:00][sql] SHOW FULL COLUMNS FROM `ims_massage_service_coach_list` [ RunTime:0.000490s ]
[2023-11-23T06:12:08+08:00][sql] SELECT `id`,`coach_name`,`work_img` FROM `ims_massage_service_coach_list` WHERE  `id` IN (284,288,289,290,291,292,293,294,295,301,303,305,306,313,317,319,320,321,322,323,325,326,331,335,337,338,339,346,348,349,350,351,352,353,354,355,356)  AND `status` = 2 [ RunTime:0.000348s ]
[2023-11-23T06:12:08+08:00][sql] SHOW FULL COLUMNS FROM `ims_massage_service_order_comment` [ RunTime:0.000411s ]
[2023-11-23T06:12:08+08:00][sql] SELECT COUNT(*) AS think_count FROM `ims_massage_service_order_comment` WHERE  `coach_id` = 284  AND `status` = 1 LIMIT 1 [ RunTime:0.000293s ]
[2023-11-23T06:12:08+08:00][sql] SHOW FULL COLUMNS FROM `ims_massage_service_coach_collect` [ RunTime:0.000350s ]
[2023-11-23T06:12:08+08:00][sql] SELECT COUNT(*) AS think_count FROM `ims_massage_service_coach_collect` WHERE  `coach_id` = 284 LIMIT 1 [ RunTime:0.000277s ]
[2023-11-23T06:12:08+08:00][sql] SELECT COUNT(*) AS think_count FROM `ims_massage_service_order_comment` WHERE  `coach_id` = 288  AND `status` = 1 LIMIT 1 [ RunTime:0.000251s ]
[2023-11-23T06:12:08+08:00][sql] SELECT COUNT(*) AS think_count FROM `ims_massage_service_coach_collect` WHERE  `coach_id` = 288 LIMIT 1 [ RunTime:0.000258s ]
[2023-11-23T06:12:08+08:00][sql] SELECT COUNT(*) AS think_count FROM `ims_massage_service_order_comment` WHERE  `coach_id` = 289  AND `status` = 1 LIMIT 1 [ RunTime:0.000249s ]
[2023-11-23T06:12:08+08:00][sql] SELECT COUNT(*) AS think_count FROM `ims_massage_service_coach_collect` WHERE  `coach_id` = 289 LIMIT 1 [ RunTime:0.000242s ]
[2023-11-23T06:12:08+08:00][sql] SELECT COUNT(*) AS think_count FROM `ims_massage_service_order_comment` WHERE  `coach_id` = 290  AND `status` = 1 LIMIT 1 [ RunTime:0.000276s ]
[2023-11-23T06:12:08+08:00][sql] SELECT COUNT(*) AS think_count FROM `ims_massage_service_coach_collect` WHERE  `coach_id` = 290 LIMIT 1 [ RunTime:0.000239s ]
[2023-11-23T06:12:08+08:00][sql] SELECT COUNT(*) AS think_count FROM `ims_massage_service_order_comment` WHERE  `coach_id` = 291  AND `status` = 1 LIMIT 1 [ RunTime:0.000248s ]
[2023-11-23T06:12:08+08:00][sql] SELECT COUNT(*) AS think_count FROM `ims_massage_service_coach_collect` WHERE  `coach_id` = 291 LIMIT 1 [ RunTime:0.000246s ]
[2023-11-23T06:12:08+08:00][sql] SELECT COUNT(*) AS think_count FROM `ims_massage_service_order_comment` WHERE  `coach_id` = 292  AND `status` = 1 LIMIT 1 [ RunTime:0.000248s ]
[2023-11-23T06:12:08+08:00][sql] SELECT COUNT(*) AS think_count FROM `ims_massage_service_coach_collect` WHERE  `coach_id` = 292 LIMIT 1 [ RunTime:0.000237s ]
[2023-11-23T06:12:08+08:00][sql] SELECT COUNT(*) AS think_count FROM `ims_massage_service_order_comment` WHERE  `coach_id` = 293  AND `status` = 1 LIMIT 1 [ RunTime:0.000242s ]
[2023-11-23T06:12:08+08:00][sql] SELECT COUNT(*) AS think_count FROM `ims_massage_service_coach_collect` WHERE  `coach_id` = 293 LIMIT 1 [ RunTime:0.000252s ]
[2023-11-23T06:12:08+08:00][sql] SELECT COUNT(*) AS think_count FROM `ims_massage_service_order_comment` WHERE  `coach_id` = 294  AND `status` = 1 LIMIT 1 [ RunTime:0.000288s ]
[2023-11-23T06:12:08+08:00][sql] SELECT COUNT(*) AS think_count FROM `ims_massage_service_coach_collect` WHERE  `coach_id` = 294 LIMIT 1 [ RunTime:0.000325s ]
[2023-11-23T06:12:08+08:00][sql] SELECT COUNT(*) AS think_count FROM `ims_massage_service_order_comment` WHERE  `coach_id` = 295  AND `status` = 1 LIMIT 1 [ RunTime:0.000262s ]
[2023-11-23T06:12:08+08:00][sql] SELECT COUNT(*) AS think_count FROM `ims_massage_service_coach_collect` WHERE  `coach_id` = 295 LIMIT 1 [ RunTime:0.000245s ]
[2023-11-23T06:12:08+08:00][sql] SELECT COUNT(*) AS think_count FROM `ims_massage_service_order_comment` WHERE  `coach_id` = 301  AND `status` = 1 LIMIT 1 [ RunTime:0.000252s ]
[2023-11-23T06:12:08+08:00][sql] SELECT COUNT(*) AS think_count FROM `ims_massage_service_coach_collect` WHERE  `coach_id` = 301 LIMIT 1 [ RunTime:0.000246s ]
[2023-11-23T06:12:08+08:00][sql] SELECT COUNT(*) AS think_count FROM `ims_massage_service_order_comment` WHERE  `coach_id` = 303  AND `status` = 1 LIMIT 1 [ RunTime:0.000251s ]
[2023-11-23T06:12:08+08:00][sql] SELECT COUNT(*) AS think_count FROM `ims_massage_service_coach_collect` WHERE  `coach_id` = 303 LIMIT 1 [ RunTime:0.000248s ]
[2023-11-23T06:12:08+08:00][sql] SELECT COUNT(*) AS think_count FROM `ims_massage_service_order_comment` WHERE  `coach_id` = 305  AND `status` = 1 LIMIT 1 [ RunTime:0.000243s ]
[2023-11-23T06:12:08+08:00][sql] SELECT COUNT(*) AS think_count FROM `ims_massage_service_coach_collect` WHERE  `coach_id` = 305 LIMIT 1 [ RunTime:0.000261s ]
[2023-11-23T06:12:08+08:00][sql] SELECT COUNT(*) AS think_count FROM `ims_massage_service_order_comment` WHERE  `coach_id` = 306  AND `status` = 1 LIMIT 1 [ RunTime:0.000247s ]
[2023-11-23T06:12:08+08:00][sql] SELECT COUNT(*) AS think_count FROM `ims_massage_service_coach_collect` WHERE  `coach_id` = 306 LIMIT 1 [ RunTime:0.000263s ]
[2023-11-23T06:12:08+08:00][sql] SELECT COUNT(*) AS think_count FROM `ims_massage_service_order_comment` WHERE  `coach_id` = 313  AND `status` = 1 LIMIT 1 [ RunTime:0.000251s ]
[2023-11-23T06:12:08+08:00][sql] SELECT COUNT(*) AS think_count FROM `ims_massage_service_coach_collect` WHERE  `coach_id` = 313 LIMIT 1 [ RunTime:0.000241s ]
[2023-11-23T06:12:08+08:00][sql] SELECT COUNT(*) AS think_count FROM `ims_massage_service_order_comment` WHERE  `coach_id` = 317  AND `status` = 1 LIMIT 1 [ RunTime:0.000245s ]
[2023-11-23T06:12:08+08:00][sql] SELECT COUNT(*) AS think_count FROM `ims_massage_service_coach_collect` WHERE  `coach_id` = 317 LIMIT 1 [ RunTime:0.000242s ]
[2023-11-23T06:12:08+08:00][sql] SELECT COUNT(*) AS think_count FROM `ims_massage_service_order_comment` WHERE  `coach_id` = 319  AND `status` = 1 LIMIT 1 [ RunTime:0.000278s ]
[2023-11-23T06:12:08+08:00][sql] SELECT COUNT(*) AS think_count FROM `ims_massage_service_coach_collect` WHERE  `coach_id` = 319 LIMIT 1 [ RunTime:0.000307s ]
[2023-11-23T06:12:08+08:00][sql] SELECT COUNT(*) AS think_count FROM `ims_massage_service_order_comment` WHERE  `coach_id` = 320  AND `status` = 1 LIMIT 1 [ RunTime:0.000273s ]
[2023-11-23T06:12:08+08:00][sql] SELECT COUNT(*) AS think_count FROM `ims_massage_service_coach_collect` WHERE  `coach_id` = 320 LIMIT 1 [ RunTime:0.000262s ]
[2023-11-23T06:12:08+08:00][sql] SELECT COUNT(*) AS think_count FROM `ims_massage_service_order_comment` WHERE  `coach_id` = 321  AND `status` = 1 LIMIT 1 [ RunTime:0.000258s ]
[2023-11-23T06:12:08+08:00][sql] SELECT COUNT(*) AS think_count FROM `ims_massage_service_coach_collect` WHERE  `coach_id` = 321 LIMIT 1 [ RunTime:0.000252s ]
[2023-11-23T06:12:08+08:00][sql] SELECT COUNT(*) AS think_count FROM `ims_massage_service_order_comment` WHERE  `coach_id` = 322  AND `status` = 1 LIMIT 1 [ RunTime:0.000283s ]
[2023-11-23T06:12:08+08:00][sql] SELECT COUNT(*) AS think_count FROM `ims_massage_service_coach_collect` WHERE  `coach_id` = 322 LIMIT 1 [ RunTime:0.000317s ]
[2023-11-23T06:12:08+08:00][sql] SELECT COUNT(*) AS think_count FROM `ims_massage_service_order_comment` WHERE  `coach_id` = 323  AND `status` = 1 LIMIT 1 [ RunTime:0.000263s ]
[2023-11-23T06:12:08+08:00][sql] SELECT COUNT(*) AS think_count FROM `ims_massage_service_coach_collect` WHERE  `coach_id` = 323 LIMIT 1 [ RunTime:0.000246s ]
[2023-11-23T06:12:08+08:00][sql] SELECT COUNT(*) AS think_count FROM `ims_massage_service_order_comment` WHERE  `coach_id` = 325  AND `status` = 1 LIMIT 1 [ RunTime:0.000243s ]
[2023-11-23T06:12:08+08:00][sql] SELECT COUNT(*) AS think_count FROM `ims_massage_service_coach_collect` WHERE  `coach_id` = 325 LIMIT 1 [ RunTime:0.000249s ]
[2023-11-23T06:12:08+08:00][sql] SELECT COUNT(*) AS think_count FROM `ims_massage_service_order_comment` WHERE  `coach_id` = 326  AND `status` = 1 LIMIT 1 [ RunTime:0.000253s ]
[2023-11-23T06:12:08+08:00][sql] SELECT COUNT(*) AS think_count FROM `ims_massage_service_coach_collect` WHERE  `coach_id` = 326 LIMIT 1 [ RunTime:0.000242s ]
[2023-11-23T06:12:08+08:00][sql] SELECT COUNT(*) AS think_count FROM `ims_massage_service_order_comment` WHERE  `coach_id` = 331  AND `status` = 1 LIMIT 1 [ RunTime:0.000334s ]
[2023-11-23T06:12:08+08:00][sql] SELECT COUNT(*) AS think_count FROM `ims_massage_service_coach_collect` WHERE  `coach_id` = 331 LIMIT 1 [ RunTime:0.000271s ]
[2023-11-23T06:12:08+08:00][sql] SELECT COUNT(*) AS think_count FROM `ims_massage_service_order_comment` WHERE  `coach_id` = 335  AND `status` = 1 LIMIT 1 [ RunTime:0.000269s ]
[2023-11-23T06:12:08+08:00][sql] SELECT COUNT(*) AS think_count FROM `ims_massage_service_coach_collect` WHERE  `coach_id` = 335 LIMIT 1 [ RunTime:0.000251s ]
[2023-11-23T06:12:08+08:00][sql] SELECT COUNT(*) AS think_count FROM `ims_massage_service_order_comment` WHERE  `coach_id` = 337  AND `status` = 1 LIMIT 1 [ RunTime:0.000258s ]
[2023-11-23T06:12:08+08:00][sql] SELECT COUNT(*) AS think_count FROM `ims_massage_service_coach_collect` WHERE  `coach_id` = 337 LIMIT 1 [ RunTime:0.000255s ]
[2023-11-23T06:12:08+08:00][sql] SELECT COUNT(*) AS think_count FROM `ims_massage_service_order_comment` WHERE  `coach_id` = 338  AND `status` = 1 LIMIT 1 [ RunTime:0.000246s ]
[2023-11-23T06:12:08+08:00][sql] SELECT COUNT(*) AS think_count FROM `ims_massage_service_coach_collect` WHERE  `coach_id` = 338 LIMIT 1 [ RunTime:0.000248s ]
[2023-11-23T06:12:08+08:00][sql] SELECT COUNT(*) AS think_count FROM `ims_massage_service_order_comment` WHERE  `coach_id` = 339  AND `status` = 1 LIMIT 1 [ RunTime:0.000250s ]
[2023-11-23T06:12:08+08:00][sql] SELECT COUNT(*) AS think_count FROM `ims_massage_service_coach_collect` WHERE  `coach_id` = 339 LIMIT 1 [ RunTime:0.000242s ]
[2023-11-23T06:12:08+08:00][sql] SELECT COUNT(*) AS think_count FROM `ims_massage_service_order_comment` WHERE  `coach_id` = 346  AND `status` = 1 LIMIT 1 [ RunTime:0.000247s ]
[2023-11-23T06:12:08+08:00][sql] SELECT COUNT(*) AS think_count FROM `ims_massage_service_coach_collect` WHERE  `coach_id` = 346 LIMIT 1 [ RunTime:0.000242s ]
[2023-11-23T06:12:08+08:00][sql] SELECT COUNT(*) AS think_count FROM `ims_massage_service_order_comment` WHERE  `coach_id` = 348  AND `status` = 1 LIMIT 1 [ RunTime:0.000245s ]
[2023-11-23T06:12:08+08:00][sql] SELECT COUNT(*) AS think_count FROM `ims_massage_service_coach_collect` WHERE  `coach_id` = 348 LIMIT 1 [ RunTime:0.000250s ]
[2023-11-23T06:12:08+08:00][sql] SELECT COUNT(*) AS think_count FROM `ims_massage_service_order_comment` WHERE  `coach_id` = 349  AND `status` = 1 LIMIT 1 [ RunTime:0.000241s ]
[2023-11-23T06:12:08+08:00][sql] SELECT COUNT(*) AS think_count FROM `ims_massage_service_coach_collect` WHERE  `coach_id` = 349 LIMIT 1 [ RunTime:0.000243s ]
[2023-11-23T06:12:08+08:00][sql] SELECT COUNT(*) AS think_count FROM `ims_massage_service_order_comment` WHERE  `coach_id` = 350  AND `status` = 1 LIMIT 1 [ RunTime:0.000243s ]
[2023-11-23T06:12:08+08:00][sql] SELECT COUNT(*) AS think_count FROM `ims_massage_service_coach_collect` WHERE  `coach_id` = 350 LIMIT 1 [ RunTime:0.000248s ]
[2023-11-23T06:12:08+08:00][sql] SELECT COUNT(*) AS think_count FROM `ims_massage_service_order_comment` WHERE  `coach_id` = 351  AND `status` = 1 LIMIT 1 [ RunTime:0.000249s ]
[2023-11-23T06:12:08+08:00][sql] SELECT COUNT(*) AS think_count FROM `ims_massage_service_coach_collect` WHERE  `coach_id` = 351 LIMIT 1 [ RunTime:0.000239s ]
[2023-11-23T06:12:08+08:00][sql] SELECT COUNT(*) AS think_count FROM `ims_massage_service_order_comment` WHERE  `coach_id` = 352  AND `status` = 1 LIMIT 1 [ RunTime:0.000243s ]
[2023-11-23T06:12:08+08:00][sql] SELECT COUNT(*) AS think_count FROM `ims_massage_service_coach_collect` WHERE  `coach_id` = 352 LIMIT 1 [ RunTime:0.000249s ]
[2023-11-23T06:12:08+08:00][sql] SELECT COUNT(*) AS think_count FROM `ims_massage_service_order_comment` WHERE  `coach_id` = 353  AND `status` = 1 LIMIT 1 [ RunTime:0.000238s ]
[2023-11-23T06:12:08+08:00][sql] SELECT COUNT(*) AS think_count FROM `ims_massage_service_coach_collect` WHERE  `coach_id` = 353 LIMIT 1 [ RunTime:0.000239s ]
[2023-11-23T06:12:08+08:00][sql] SELECT COUNT(*) AS think_count FROM `ims_massage_service_order_comment` WHERE  `coach_id` = 354  AND `status` = 1 LIMIT 1 [ RunTime:0.000242s ]
[2023-11-23T06:12:08+08:00][sql] SELECT COUNT(*) AS think_count FROM `ims_massage_service_coach_collect` WHERE  `coach_id` = 354 LIMIT 1 [ RunTime:0.000248s ]
[2023-11-23T06:12:08+08:00][sql] SELECT COUNT(*) AS think_count FROM `ims_massage_service_order_comment` WHERE  `coach_id` = 355  AND `status` = 1 LIMIT 1 [ RunTime:0.000250s ]
[2023-11-23T06:12:08+08:00][sql] SELECT COUNT(*) AS think_count FROM `ims_massage_service_coach_collect` WHERE  `coach_id` = 355 LIMIT 1 [ RunTime:0.000241s ]
[2023-11-23T06:12:08+08:00][sql] SELECT COUNT(*) AS think_count FROM `ims_massage_service_order_comment` WHERE  `coach_id` = 356  AND `status` = 1 LIMIT 1 [ RunTime:0.000242s ]
[2023-11-23T06:12:08+08:00][sql] SELECT COUNT(*) AS think_count FROM `ims_massage_service_coach_collect` WHERE  `coach_id` = 356 LIMIT 1 [ RunTime:0.000243s ]
[2023-11-23T06:12:08+08:00][sql] UPDATE `ims_massage_service_service_list`  SET `true_sale` = 48 , `total_sale` = 3589 , `lock` = 124  WHERE  `id` = 174  AND `lock` = 123 [ RunTime:0.000239s ]
[2023-11-23T06:12:08+08:00][sql] UPDATE `ims_massage_service_order_goods_list`  SET `status` = -1  WHERE  `id` = 3861 [ RunTime:0.000316s ]
[2023-11-23T06:12:08+08:00][sql] SHOW FULL COLUMNS FROM `ims_massage_service_order_list` [ RunTime:0.000740s ]
[2023-11-23T06:12:08+08:00][sql] SELECT * FROM `ims_massage_service_order_list` WHERE  `id` = 4620 LIMIT 1 [ RunTime:0.000358s ]
[2023-11-23T06:12:08+08:00][sql] SELECT `id`,`coach_name`,`mobile`,`work_img` FROM `ims_massage_service_coach_list` WHERE  `id` = 348 LIMIT 1 [ RunTime:0.000186s ]
[2023-11-23T06:12:08+08:00][sql] SELECT * FROM `ims_massage_service_order_goods_list` WHERE  `order_id` = 4620  AND `status` = 1 [ RunTime:0.000241s ]
[2023-11-23T06:12:08+08:00][sql] SELECT SUM(`b`.`num`) AS think_sum FROM `ims_massage_service_refund_order` `a` INNER JOIN `ims_massage_service_refund_order_goods` `b` ON `a`.`id`=`b`.`refund_id` WHERE  `b`.`order_goods_id` = '3862'  AND `a`.`status` = '2' LIMIT 1 [ RunTime:0.000378s ]
[2023-11-23T06:12:08+08:00][sql] SELECT SUM(`num`) AS think_sum FROM `ims_massage_service_order_goods_list` WHERE  `order_id` = 4620  AND `status` = 1 LIMIT 1 [ RunTime:0.000217s ]
[2023-11-23T06:12:08+08:00][sql] SHOW FULL COLUMNS FROM `ims_massage_service_order_address` [ RunTime:0.000426s ]
[2023-11-23T06:12:08+08:00][sql] SELECT * FROM `ims_massage_service_order_address` WHERE  `order_id` = 4620 LIMIT 1 [ RunTime:0.000199s ]
[2023-11-23T06:12:08+08:00][sql] UPDATE `ims_massage_service_order_list`  SET `time_long` = 90 , `true_time_long` = 90 , `end_time` = 1700694000 , `pay_price` = '463.78' , `service_price` = '426' , `true_service_price` = '426' , `init_service_price` = '426' , `discount` = '0'  WHERE  `id` = 4620 [ RunTime:0.000236s ]
[2023-11-23T06:12:08+08:00][sql] SELECT * FROM `ims_massage_service_order_list` WHERE  `id` = 4620 LIMIT 1 [ RunTime:0.000280s ]
[2023-11-23T06:12:08+08:00][sql] SELECT `id`,`coach_name`,`mobile`,`work_img` FROM `ims_massage_service_coach_list` WHERE  `id` = 348 LIMIT 1 [ RunTime:0.000171s ]
[2023-11-23T06:12:08+08:00][sql] SELECT * FROM `ims_massage_service_order_goods_list` WHERE  `order_id` = 4620  AND `status` = 1 [ RunTime:0.000196s ]
[2023-11-23T06:12:08+08:00][sql] SELECT SUM(`b`.`num`) AS think_sum FROM `ims_massage_service_refund_order` `a` INNER JOIN `ims_massage_service_refund_order_goods` `b` ON `a`.`id`=`b`.`refund_id` WHERE  `b`.`order_goods_id` = '3862'  AND `a`.`status` = '2' LIMIT 1 [ RunTime:0.000282s ]
[2023-11-23T06:12:08+08:00][sql] SELECT SUM(`num`) AS think_sum FROM `ims_massage_service_order_goods_list` WHERE  `order_id` = 4620  AND `status` = 1 LIMIT 1 [ RunTime:0.000173s ]
[2023-11-23T06:12:08+08:00][sql] SELECT * FROM `ims_massage_service_order_address` WHERE  `order_id` = 4620 LIMIT 1 [ RunTime:0.000170s ]
[2023-11-23T06:12:08+08:00][sql] SHOW FULL COLUMNS FROM `ims_massage_service_order_commission` [ RunTime:0.000428s ]
[2023-11-23T06:12:08+08:00][sql] DELETE FROM `ims_massage_service_order_commission` WHERE  `order_id` = 4620  AND `status` = 1 [ RunTime:0.001772s ]
[2023-11-23T06:12:08+08:00][sql] SELECT * FROM `ims_massage_service_coach_list` WHERE  `id` = 348 LIMIT 1 [ RunTime:0.000251s ]
[2023-11-23T06:12:08+08:00][sql] SELECT COUNT(*) AS think_count FROM `ims_massage_service_order_list` WHERE  `coach_id` = 348  AND `pay_type` = 7 LIMIT 1 [ RunTime:0.000782s ]
[2023-11-23T06:12:08+08:00][sql] SELECT COUNT(*) AS think_count FROM `ims_massage_service_order_comment` WHERE  `coach_id` = 348  AND `status` = 1 LIMIT 1 [ RunTime:0.000279s ]
[2023-11-23T06:12:08+08:00][sql] SELECT COUNT(*) AS think_count FROM `ims_massage_service_coach_collect` WHERE  `coach_id` = 348 LIMIT 1 [ RunTime:0.000248s ]
[2023-11-23T06:12:08+08:00][sql] SELECT * FROM `ims_shequshop_school_config` WHERE  `uniacid` = 666 LIMIT 1 [ RunTime:0.000291s ]
[2023-11-23T06:12:08+08:00][sql] SELECT SUM(`true_time_long`) AS think_sum FROM `ims_massage_service_order_list` WHERE  `coach_id` = 348  AND `pay_type` = 7 LIMIT 1 [ RunTime:0.000791s ]
[2023-11-23T06:12:08+08:00][sql] SELECT SUM(`true_service_price`) AS think_sum FROM `ims_massage_service_order_list` WHERE  `coach_id` = 348  AND `pay_type` = 7 LIMIT 1 [ RunTime:0.000763s ]
[2023-11-23T06:12:08+08:00][sql] SELECT SUM(`true_service_price`) AS think_sum FROM `ims_massage_service_order_list` WHERE  `coach_id` = 348  AND `pay_type` = 7  AND `is_add` = 1 LIMIT 1 [ RunTime:0.000755s ]
[2023-11-23T06:12:08+08:00][sql] SHOW FULL COLUMNS FROM `ims_massage_service_balance_order_list` [ RunTime:0.000522s ]
[2023-11-23T06:12:08+08:00][sql] SELECT SUM(`integral`) AS think_sum FROM `ims_massage_service_balance_order_list` WHERE  `coach_id` = 348  AND `status` = 2 LIMIT 1 [ RunTime:0.000223s ]
[2023-11-23T06:12:08+08:00][sql] SELECT * FROM `ims_massage_service_coach_list` WHERE  `id` = 348 LIMIT 1 [ RunTime:0.000256s ]
[2023-11-23T06:12:08+08:00][sql] SELECT COUNT(*) AS think_count FROM `ims_massage_service_order_list` WHERE  `coach_id` = 348  AND `pay_type` = 7 LIMIT 1 [ RunTime:0.000705s ]
[2023-11-23T06:12:08+08:00][sql] SELECT COUNT(*) AS think_count FROM `ims_massage_service_order_comment` WHERE  `coach_id` = 348  AND `status` = 1 LIMIT 1 [ RunTime:0.000261s ]
[2023-11-23T06:12:08+08:00][sql] SELECT COUNT(*) AS think_count FROM `ims_massage_service_coach_collect` WHERE  `coach_id` = 348 LIMIT 1 [ RunTime:0.000237s ]
[2023-11-23T06:12:08+08:00][sql] SHOW FULL COLUMNS FROM `ims_massage_coach_work_log` [ RunTime:0.000451s ]
[2023-11-23T06:12:08+08:00][sql] DELETE FROM `ims_massage_coach_work_log` WHERE  `create_time` < 1603445953 [ RunTime:0.014877s ]
[2023-11-23T06:12:08+08:00][sql] SELECT * FROM `ims_massage_service_coach_list` WHERE  `id` = 348 LIMIT 1 [ RunTime:0.000308s ]
[2023-11-23T06:12:08+08:00][sql] SELECT COUNT(*) AS think_count FROM `ims_massage_service_order_list` WHERE  `coach_id` = 348  AND `pay_type` = 7 LIMIT 1 [ RunTime:0.000781s ]
[2023-11-23T06:12:08+08:00][sql] SELECT COUNT(*) AS think_count FROM `ims_massage_service_order_comment` WHERE  `coach_id` = 348  AND `status` = 1 LIMIT 1 [ RunTime:0.000344s ]
[2023-11-23T06:12:08+08:00][sql] SELECT COUNT(*) AS think_count FROM `ims_massage_service_coach_collect` WHERE  `coach_id` = 348 LIMIT 1 [ RunTime:0.000276s ]
[2023-11-23T06:12:08+08:00][sql] SELECT MAX(`create_time`) AS think_max FROM `ims_massage_coach_work_log` WHERE  `coach_id` = 348  AND `status` = 2 LIMIT 1 [ RunTime:0.000280s ]
[2023-11-23T06:12:08+08:00][sql] SELECT * FROM `ims_massage_coach_work_log` WHERE  `coach_id` = 348  AND `status` = 1  AND `create_time` = 1700668800 LIMIT 1 [ RunTime:0.000335s ]
[2023-11-23T06:12:08+08:00][sql] UPDATE `ims_massage_coach_work_log`  SET `time` = 22328 , `true_time` = 1700691128 , `start_time` = '00:00' , `end_time` = '00:00'  WHERE  `id` = 380558 [ RunTime:0.000262s ]
[2023-11-23T06:12:08+08:00][sql] SELECT SUM(`time`) AS think_sum FROM `ims_massage_coach_work_log` WHERE  `coach_id` = 348 LIMIT 1 [ RunTime:0.000333s ]
[2023-11-23T06:12:08+08:00][sql] SHOW FULL COLUMNS FROM `ims_massage_service_coach_time_list` [ RunTime:0.000539s ]
[2023-11-23T06:12:08+08:00][sql] SELECT SUM(time_str_end-time_str) as time_long FROM `ims_massage_service_coach_time_list` WHERE  `coach_id` = 348  AND `status` = 0  AND `is_click` = 1  AND `time_str` < '1700691128' LIMIT 1 [ RunTime:0.004511s ]
[2023-11-23T06:12:08+08:00][sql] SHOW FULL COLUMNS FROM `ims_massage_service_coach_level` [ RunTime:0.000550s ]
[2023-11-23T06:12:08+08:00][sql] SELECT * FROM `ims_massage_service_coach_level` WHERE  `uniacid` = 666  AND `status` = 1 ORDER BY `time_long`,`id` DESC [ RunTime:0.000231s ]
[2023-11-23T06:12:08+08:00][sql] SELECT * FROM `ims_massage_service_order_list` WHERE  `pay_type` = 1  AND `add_pid` = 0  AND `id` <> 4620 [ RunTime:0.003372s ]
[2023-11-23T06:12:08+08:00][sql] SHOW FULL COLUMNS FROM `ims_shequshop_school_admin` [ RunTime:0.000453s ]
[2023-11-23T06:12:08+08:00][sql] SELECT * FROM `ims_shequshop_school_admin` WHERE  `id` = 0 LIMIT 1 [ RunTime:0.000188s ]
[2023-11-23T06:12:08+08:00][sql] SELECT * FROM `ims_shequshop_school_config` WHERE  `uniacid` = 666 LIMIT 1 [ RunTime:0.000309s ]
[2023-11-23T06:12:08+08:00][sql] SHOW FULL COLUMNS FROM `ims_massage_service_user_list` [ RunTime:0.000462s ]
[2023-11-23T06:12:08+08:00][sql] SELECT `pid` FROM `ims_massage_service_user_list` WHERE  `id` = 3500 LIMIT 1 [ RunTime:0.000156s ]
[2023-11-23T06:12:08+08:00][sql] SELECT * FROM `ims_massage_service_user_list` WHERE  `id` = 0 LIMIT 1 [ RunTime:0.000202s ]
[2023-11-23T06:12:08+08:00][sql] INSERT INTO `ims_massage_service_order_commission` SET `uniacid` = 666 , `user_id` = 3500 , `top_id` = 348 , `order_id` = 4620 , `order_code` = '20231123044745017300000173' , `type` = 3 , `cash` = '340.8' , `admin_id` = 0 , `balance` = 80 , `status` = -1 , `create_time` = 1700691128 [ RunTime:0.000197s ]
[2023-11-23T06:12:08+08:00][sql] UPDATE `ims_massage_service_order_commission`  SET `status` = 1 , `update_time` = 1700691128  WHERE  `order_id` = 4620  AND `status` = -1 [ RunTime:0.001779s ]
[2023-11-23T06:12:08+08:00][sql] UPDATE `ims_massage_service_order_list`  SET `coach_balance` = 80 , `admin_balance` = 0 , `admin_id` = 0 , `user_cash` = '0' , `company_cash` = '0' , `coach_cash` = '340.8' , `admin_cash` = '0'  WHERE  `id` = 4620 [ RunTime:0.000228s ]
[2023-11-23T06:12:08+08:00][sql] SELECT `id`,`start_time`,`end_time`,`order_end_time`,`pay_type` FROM `ims_massage_service_order_list` WHERE  `pay_type` <> -1  AND `add_pid` = 4620  AND `is_add` = 1 [ RunTime:0.000906s ]
