[2023-11-20T04:32:14+08:00][sql] CONNECT:[ UseTime:0.000352s ] mysql:host=127.0.0.1;port=3306;dbname=love_9img_cn;charset=utf8mb4
[2023-11-20T04:32:14+08:00][sql] SHOW FULL COLUMNS FROM `ims_shequshop_school_pay_config` [ RunTime:0.000643s ]
[2023-11-20T04:32:14+08:00][sql] SELECT * FROM `ims_shequshop_school_pay_config` WHERE  `uniacid` = 666 LIMIT 1 [ RunTime:0.000312s ]
[2023-11-20T04:32:14+08:00][sql] SHOW FULL COLUMNS FROM `ims_shequshop_school_config` [ RunTime:0.000642s ]
[2023-11-20T04:32:14+08:00][sql] SELECT * FROM `ims_shequshop_school_config` WHERE  `uniacid` = 666 LIMIT 1 [ RunTime:0.000364s ]
[2023-11-20T04:32:14+08:00][sql] SHOW FULL COLUMNS FROM `ims_massage_service_order_list` [ RunTime:0.000875s ]
[2023-11-20T04:32:14+08:00][sql] SELECT * FROM `ims_massage_service_order_list` WHERE  `order_code` = '20231120043206026900000269'  AND `transaction_id` = '' LIMIT 1 [ RunTime:0.003406s ]
[2023-11-20T04:32:15+08:00][sql] CONNECT:[ UseTime:0.000377s ] mysql:host=127.0.0.1;port=3306;dbname=love_9img_cn;charset=utf8mb4
[2023-11-20T04:32:15+08:00][sql] SHOW FULL COLUMNS FROM `ims_shequshop_school_pay_config` [ RunTime:0.000664s ]
[2023-11-20T04:32:15+08:00][sql] SELECT * FROM `ims_shequshop_school_pay_config` WHERE  `uniacid` = 666 LIMIT 1 [ RunTime:0.000312s ]
[2023-11-20T04:32:15+08:00][sql] SHOW FULL COLUMNS FROM `ims_shequshop_school_config` [ RunTime:0.000545s ]
[2023-11-20T04:32:15+08:00][sql] SELECT * FROM `ims_shequshop_school_config` WHERE  `uniacid` = 666 LIMIT 1 [ RunTime:0.000308s ]
[2023-11-20T04:32:15+08:00][sql] SHOW FULL COLUMNS FROM `ims_massage_service_order_list` [ RunTime:0.000922s ]
[2023-11-20T04:32:15+08:00][sql] SELECT * FROM `ims_massage_service_order_list` WHERE  `order_code` = '20231120043206026900000269'  AND `transaction_id` = '' LIMIT 1 [ RunTime:0.003483s ]
[2023-11-20T04:32:15+08:00][sql] SHOW FULL COLUMNS FROM `ims_massage_service_coach_list` [ RunTime:0.000679s ]
[2023-11-20T04:32:15+08:00][sql] SELECT `id`,`coach_name`,`mobile`,`work_img` FROM `ims_massage_service_coach_list` WHERE  `id` = 284 LIMIT 1 [ RunTime:0.000218s ]
[2023-11-20T04:32:15+08:00][sql] SHOW FULL COLUMNS FROM `ims_massage_service_order_goods_list` [ RunTime:0.000432s ]
[2023-11-20T04:32:15+08:00][sql] SELECT * FROM `ims_massage_service_order_goods_list` WHERE  `order_id` = 4614  AND `status` = 1 [ RunTime:0.000250s ]
[2023-11-20T04:32:15+08:00][sql] SHOW FULL COLUMNS FROM `ims_massage_service_refund_order` [ RunTime:0.000478s ]
[2023-11-20T04:32:15+08:00][sql] SELECT SUM(`b`.`num`) AS think_sum FROM `ims_massage_service_refund_order` `a` INNER JOIN `ims_massage_service_refund_order_goods` `b` ON `a`.`id`=`b`.`refund_id` WHERE  `b`.`order_goods_id` = '3855'  AND `a`.`status` = '2' LIMIT 1 [ RunTime:0.000319s ]
[2023-11-20T04:32:15+08:00][sql] SELECT SUM(`num`) AS think_sum FROM `ims_massage_service_order_goods_list` WHERE  `order_id` = 4614  AND `status` = 1 LIMIT 1 [ RunTime:0.000218s ]
[2023-11-20T04:32:15+08:00][sql] SHOW FULL COLUMNS FROM `ims_massage_service_order_address` [ RunTime:0.000424s ]
[2023-11-20T04:32:15+08:00][sql] SELECT * FROM `ims_massage_service_order_address` WHERE  `order_id` = 4614 LIMIT 1 [ RunTime:0.000225s ]
[2023-11-20T04:32:15+08:00][sql] UPDATE `ims_massage_service_order_list`  SET `transaction_id` = '4200002003202311200133443018' , `pay_type` = 2 , `pay_time` = 1700425932  WHERE  `id` = 4614  AND `transaction_id` = '' [ RunTime:0.000342s ]
[2023-11-20T04:32:15+08:00][sql] SHOW FULL COLUMNS FROM `ims_massage_service_order_commission` [ RunTime:0.000404s ]
[2023-11-20T04:32:15+08:00][sql] UPDATE `ims_massage_service_order_commission`  SET `status` = 1 , `update_time` = 1700425932  WHERE  `order_id` = 4614  AND `status` = -1 [ RunTime:0.001825s ]
[2023-11-20T04:32:15+08:00][sql] SHOW FULL COLUMNS FROM `ims_massage_service_order_price_log` [ RunTime:0.000603s ]
[2023-11-20T04:32:15+08:00][sql] INSERT INTO `ims_massage_service_order_price_log` SET `uniacid` = 666 , `order_id` = 4614 , `order_price` = '268.60' , `top_order_id` = 4614 , `is_top` = 1 , `order_code` = '20231120043206026900000269' , `transaction_id` = '' [ RunTime:0.005382s ]
[2023-11-20T04:32:15+08:00][sql] SHOW FULL COLUMNS FROM `ims_massage_service_notice_list` [ RunTime:0.000664s ]
[2023-11-20T04:32:15+08:00][sql] INSERT INTO `ims_massage_service_notice_list` SET `uniacid` = 666 , `order_id` = 4614 , `type` = 1 , `admin_id` = 0 , `create_time` = 1700425932 [ RunTime:0.005673s ]
[2023-11-20T04:32:15+08:00][sql] SELECT `user_id` FROM `ims_massage_service_coach_list` WHERE  `id` = 284 LIMIT 1 [ RunTime:0.000297s ]
[2023-11-20T04:32:15+08:00][sql] SHOW FULL COLUMNS FROM `ims_massage_service_user_list` [ RunTime:0.000621s ]
[2023-11-20T04:32:15+08:00][sql] SELECT * FROM `ims_massage_service_user_list` WHERE  `id` = 856 LIMIT 1 [ RunTime:0.000279s ]
[2023-11-20T04:32:15+08:00][sql] SHOW FULL COLUMNS FROM `ims_massage_send_msg_config` [ RunTime:0.000509s ]
[2023-11-20T04:32:15+08:00][sql] SELECT * FROM `ims_massage_send_msg_config` WHERE  `uniacid` = 666 LIMIT 1 [ RunTime:0.000229s ]
[2023-11-20T04:32:15+08:00][sql] SELECT * FROM `ims_shequshop_school_config` WHERE  `uniacid` = 666 LIMIT 1 [ RunTime:0.000337s ]
[2023-11-20T04:32:15+08:00][sql] SELECT * FROM `ims_massage_send_msg_config` WHERE  `uniacid` = 666 LIMIT 1 [ RunTime:0.000194s ]
[2023-11-20T04:32:15+08:00][sql] SELECT `b`.`web_openid` FROM `ims_massage_service_coach_list` `a` INNER JOIN `ims_massage_service_user_list` `b` ON `a`.`user_id`=`b`.`id` WHERE  `a`.`id` = '284' LIMIT 1 [ RunTime:0.000260s ]
[2023-11-20T04:32:15+08:00][sql] SELECT `coach_name` FROM `ims_massage_service_coach_list` WHERE  `id` = 284 LIMIT 1 [ RunTime:0.000172s ]
[2023-11-20T04:32:15+08:00][sql] SELECT * FROM `ims_shequshop_school_config` WHERE  `uniacid` = 666 LIMIT 1 [ RunTime:0.000319s ]
[2023-11-20T04:32:15+08:00][sql] SELECT * FROM `ims_shequshop_school_config` WHERE  `uniacid` = 666 LIMIT 1 [ RunTime:0.000280s ]
[2023-11-20T04:32:15+08:00][sql] SELECT `phone` FROM `ims_massage_service_user_list` WHERE  `id` = 3880 LIMIT 1 [ RunTime:0.000152s ]
[2023-11-20T04:32:15+08:00][sql] SELECT * FROM `ims_massage_send_msg_config` WHERE  `uniacid` = 666 LIMIT 1 [ RunTime:0.000374s ]
[2023-11-20T04:32:15+08:00][sql] SELECT * FROM `ims_shequshop_school_config` WHERE  `uniacid` = 666 LIMIT 1 [ RunTime:0.000361s ]
[2023-11-20T04:32:15+08:00][sql] SELECT * FROM `ims_massage_send_msg_config` WHERE  `uniacid` = 666 LIMIT 1 [ RunTime:0.000184s ]
[2023-11-20T04:32:15+08:00][sql] SELECT `coach_name` FROM `ims_massage_service_coach_list` WHERE  `id` = 284 LIMIT 1 [ RunTime:0.000166s ]
[2023-11-20T04:32:15+08:00][sql] SELECT * FROM `ims_shequshop_school_config` WHERE  `uniacid` = 666 LIMIT 1 [ RunTime:0.000400s ]
[2023-11-20T04:32:15+08:00][sql] SELECT * FROM `ims_shequshop_school_config` WHERE  `uniacid` = 666 LIMIT 1 [ RunTime:0.000399s ]
[2023-11-20T04:32:15+08:00][sql] SELECT `phone` FROM `ims_massage_service_user_list` WHERE  `id` = 3880 LIMIT 1 [ RunTime:0.000195s ]
[2023-11-20T04:32:15+08:00][sql] SELECT * FROM `ims_massage_send_msg_config` WHERE  `uniacid` = 666 LIMIT 1 [ RunTime:0.000586s ]
[2023-11-20T04:32:15+08:00][sql] SELECT * FROM `ims_shequshop_school_config` WHERE  `uniacid` = 666 LIMIT 1 [ RunTime:0.000380s ]
[2023-11-20T04:32:15+08:00][sql] SELECT * FROM `ims_massage_send_msg_config` WHERE  `uniacid` = 666 LIMIT 1 [ RunTime:0.000175s ]
[2023-11-20T04:32:15+08:00][sql] SELECT `coach_name` FROM `ims_massage_service_coach_list` WHERE  `id` = 284 LIMIT 1 [ RunTime:0.000185s ]
[2023-11-20T04:32:15+08:00][sql] SELECT * FROM `ims_shequshop_school_config` WHERE  `uniacid` = 666 LIMIT 1 [ RunTime:0.000291s ]
[2023-11-20T04:32:15+08:00][sql] SELECT * FROM `ims_shequshop_school_config` WHERE  `uniacid` = 666 LIMIT 1 [ RunTime:0.000307s ]
[2023-11-20T04:32:15+08:00][sql] SELECT `phone` FROM `ims_massage_service_user_list` WHERE  `id` = 3880 LIMIT 1 [ RunTime:0.000176s ]
[2023-11-20T04:32:15+08:00][sql] SELECT `mobile` FROM `ims_massage_service_coach_list` WHERE  `id` = 284 LIMIT 1 [ RunTime:0.000372s ]
[2023-11-20T04:32:15+08:00][sql] SHOW FULL COLUMNS FROM `ims_massage_short_code_config` [ RunTime:0.000500s ]
[2023-11-20T04:32:15+08:00][sql] SELECT * FROM `ims_massage_short_code_config` WHERE  `uniacid` = 666 LIMIT 1 [ RunTime:0.000195s ]
[2023-11-20T04:32:15+08:00][sql] SELECT * FROM `ims_shequshop_school_config` WHERE  `uniacid` = 666 LIMIT 1 [ RunTime:0.000304s ]
[2023-11-20T04:32:15+08:00][error] [10500]method not exist:think\db\Query->sendShortMsgzhanzhang[/www/wwwroot/love.9img.cn/vendor/topthink/think-orm/src/db/BaseQuery.php:117]
