[2023-11-23T12:44:58+08:00][sql] CONNECT:[ UseTime:0.000372s ] mysql:host=127.0.0.1;port=3306;dbname=love_9img_cn;charset=utf8mb4
[2023-11-23T12:44:58+08:00][sql] SHOW FULL COLUMNS FROM `ims_shequshop_school_pay_config` [ RunTime:0.000623s ]
[2023-11-23T12:44:58+08:00][sql] SELECT * FROM `ims_shequshop_school_pay_config` WHERE  `uniacid` = 666 LIMIT 1 [ RunTime:0.000344s ]
[2023-11-23T12:44:58+08:00][sql] SHOW FULL COLUMNS FROM `ims_shequshop_school_config` [ RunTime:0.000668s ]
[2023-11-23T12:44:58+08:00][sql] SELECT * FROM `ims_shequshop_school_config` WHERE  `uniacid` = 666 LIMIT 1 [ RunTime:0.000346s ]
[2023-11-23T12:44:58+08:00][sql] SHOW FULL COLUMNS FROM `ims_massage_service_order_list` [ RunTime:0.000833s ]
[2023-11-23T12:44:58+08:00][sql] SELECT * FROM `ims_massage_service_order_list` WHERE  `order_code` = '20231123124448035500000355'  AND `transaction_id` = '' LIMIT 1 [ RunTime:0.003470s ]
[2023-11-23T12:44:58+08:00][sql] SHOW FULL COLUMNS FROM `ims_massage_service_coach_list` [ RunTime:0.000547s ]
[2023-11-23T12:44:58+08:00][sql] SELECT `id`,`coach_name`,`mobile`,`work_img` FROM `ims_massage_service_coach_list` WHERE  `id` = 325 LIMIT 1 [ RunTime:0.000278s ]
[2023-11-23T12:44:58+08:00][sql] SHOW FULL COLUMNS FROM `ims_massage_service_order_goods_list` [ RunTime:0.000425s ]
[2023-11-23T12:44:58+08:00][sql] SELECT * FROM `ims_massage_service_order_goods_list` WHERE  `order_id` = 4621  AND `status` = 1 [ RunTime:0.000261s ]
[2023-11-23T12:44:58+08:00][sql] SHOW FULL COLUMNS FROM `ims_massage_service_refund_order` [ RunTime:0.000464s ]
[2023-11-23T12:44:58+08:00][sql] SELECT SUM(`b`.`num`) AS think_sum FROM `ims_massage_service_refund_order` `a` INNER JOIN `ims_massage_service_refund_order_goods` `b` ON `a`.`id`=`b`.`refund_id` WHERE  `b`.`order_goods_id` = '3863'  AND `a`.`status` = '2' LIMIT 1 [ RunTime:0.000424s ]
[2023-11-23T12:44:58+08:00][sql] SELECT SUM(`num`) AS think_sum FROM `ims_massage_service_order_goods_list` WHERE  `order_id` = 4621  AND `status` = 1 LIMIT 1 [ RunTime:0.000256s ]
[2023-11-23T12:44:58+08:00][sql] SHOW FULL COLUMNS FROM `ims_massage_service_order_address` [ RunTime:0.000383s ]
[2023-11-23T12:44:58+08:00][sql] SELECT * FROM `ims_massage_service_order_address` WHERE  `order_id` = 4621 LIMIT 1 [ RunTime:0.000240s ]
[2023-11-23T12:44:58+08:00][sql] UPDATE `ims_massage_service_order_list`  SET `transaction_id` = '4200001984202311234403403517' , `pay_type` = 2 , `pay_time` = 1700714696  WHERE  `id` = 4621  AND `transaction_id` = '' [ RunTime:0.000322s ]
[2023-11-23T12:44:58+08:00][sql] SHOW FULL COLUMNS FROM `ims_massage_service_order_commission` [ RunTime:0.000423s ]
[2023-11-23T12:44:58+08:00][sql] UPDATE `ims_massage_service_order_commission`  SET `status` = 1 , `update_time` = 1700714696  WHERE  `order_id` = 4621  AND `status` = -1 [ RunTime:0.001901s ]
[2023-11-23T12:44:58+08:00][sql] SHOW FULL COLUMNS FROM `ims_massage_service_order_price_log` [ RunTime:0.000724s ]
[2023-11-23T12:44:58+08:00][sql] INSERT INTO `ims_massage_service_order_price_log` SET `uniacid` = 666 , `order_id` = 4621 , `order_price` = '262.93' , `top_order_id` = 4621 , `is_top` = 1 , `order_code` = '20231123124448035500000355' , `transaction_id` = '' [ RunTime:0.007804s ]
[2023-11-23T12:44:58+08:00][sql] SHOW FULL COLUMNS FROM `ims_massage_service_notice_list` [ RunTime:0.000696s ]
[2023-11-23T12:44:58+08:00][sql] INSERT INTO `ims_massage_service_notice_list` SET `uniacid` = 666 , `order_id` = 4621 , `type` = 1 , `admin_id` = 0 , `create_time` = 1700714696 [ RunTime:0.010040s ]
[2023-11-23T12:44:58+08:00][sql] SELECT `user_id` FROM `ims_massage_service_coach_list` WHERE  `id` = 325 LIMIT 1 [ RunTime:0.000317s ]
[2023-11-23T12:44:58+08:00][sql] SHOW FULL COLUMNS FROM `ims_massage_service_user_list` [ RunTime:0.000507s ]
[2023-11-23T12:44:58+08:00][sql] SELECT * FROM `ims_massage_service_user_list` WHERE  `id` = 1588 LIMIT 1 [ RunTime:0.000264s ]
[2023-11-23T12:44:58+08:00][sql] SHOW FULL COLUMNS FROM `ims_massage_send_msg_config` [ RunTime:0.000622s ]
[2023-11-23T12:44:58+08:00][sql] SELECT * FROM `ims_massage_send_msg_config` WHERE  `uniacid` = 666 LIMIT 1 [ RunTime:0.000224s ]
[2023-11-23T12:44:58+08:00][sql] SELECT * FROM `ims_shequshop_school_config` WHERE  `uniacid` = 666 LIMIT 1 [ RunTime:0.000334s ]
[2023-11-23T12:44:58+08:00][sql] SELECT * FROM `ims_massage_send_msg_config` WHERE  `uniacid` = 666 LIMIT 1 [ RunTime:0.000165s ]
[2023-11-23T12:44:58+08:00][sql] SELECT `b`.`web_openid` FROM `ims_massage_service_coach_list` `a` INNER JOIN `ims_massage_service_user_list` `b` ON `a`.`user_id`=`b`.`id` WHERE  `a`.`id` = '325' LIMIT 1 [ RunTime:0.000199s ]
[2023-11-23T12:44:58+08:00][sql] SELECT `coach_name` FROM `ims_massage_service_coach_list` WHERE  `id` = 325 LIMIT 1 [ RunTime:0.000149s ]
[2023-11-23T12:44:58+08:00][sql] SELECT * FROM `ims_shequshop_school_config` WHERE  `uniacid` = 666 LIMIT 1 [ RunTime:0.000346s ]
[2023-11-23T12:44:58+08:00][sql] SELECT * FROM `ims_shequshop_school_config` WHERE  `uniacid` = 666 LIMIT 1 [ RunTime:0.000349s ]
[2023-11-23T12:44:58+08:00][sql] SELECT `phone` FROM `ims_massage_service_user_list` WHERE  `id` = 3803 LIMIT 1 [ RunTime:0.000328s ]
[2023-11-23T12:44:58+08:00][sql] SELECT * FROM `ims_massage_send_msg_config` WHERE  `uniacid` = 666 LIMIT 1 [ RunTime:0.000400s ]
[2023-11-23T12:44:58+08:00][sql] SELECT * FROM `ims_shequshop_school_config` WHERE  `uniacid` = 666 LIMIT 1 [ RunTime:0.000385s ]
[2023-11-23T12:44:58+08:00][sql] SELECT * FROM `ims_massage_send_msg_config` WHERE  `uniacid` = 666 LIMIT 1 [ RunTime:0.000180s ]
[2023-11-23T12:44:58+08:00][sql] SELECT `coach_name` FROM `ims_massage_service_coach_list` WHERE  `id` = 325 LIMIT 1 [ RunTime:0.000174s ]
[2023-11-23T12:44:58+08:00][sql] SELECT * FROM `ims_shequshop_school_config` WHERE  `uniacid` = 666 LIMIT 1 [ RunTime:0.000299s ]
[2023-11-23T12:44:58+08:00][sql] SELECT * FROM `ims_shequshop_school_config` WHERE  `uniacid` = 666 LIMIT 1 [ RunTime:0.000410s ]
[2023-11-23T12:44:58+08:00][sql] SELECT `phone` FROM `ims_massage_service_user_list` WHERE  `id` = 3803 LIMIT 1 [ RunTime:0.000187s ]
[2023-11-23T12:44:58+08:00][sql] SELECT * FROM `ims_massage_send_msg_config` WHERE  `uniacid` = 666 LIMIT 1 [ RunTime:0.000334s ]
[2023-11-23T12:44:58+08:00][sql] SELECT * FROM `ims_shequshop_school_config` WHERE  `uniacid` = 666 LIMIT 1 [ RunTime:0.000398s ]
[2023-11-23T12:44:58+08:00][sql] SELECT * FROM `ims_massage_send_msg_config` WHERE  `uniacid` = 666 LIMIT 1 [ RunTime:0.000197s ]
[2023-11-23T12:44:58+08:00][sql] SELECT `coach_name` FROM `ims_massage_service_coach_list` WHERE  `id` = 325 LIMIT 1 [ RunTime:0.000244s ]
[2023-11-23T12:44:58+08:00][sql] SELECT * FROM `ims_shequshop_school_config` WHERE  `uniacid` = 666 LIMIT 1 [ RunTime:0.000309s ]
[2023-11-23T12:44:58+08:00][sql] SELECT * FROM `ims_shequshop_school_config` WHERE  `uniacid` = 666 LIMIT 1 [ RunTime:0.000303s ]
[2023-11-23T12:44:58+08:00][sql] SELECT `phone` FROM `ims_massage_service_user_list` WHERE  `id` = 3803 LIMIT 1 [ RunTime:0.000189s ]
[2023-11-23T12:44:58+08:00][sql] SELECT `mobile` FROM `ims_massage_service_coach_list` WHERE  `id` = 325 LIMIT 1 [ RunTime:0.000416s ]
[2023-11-23T12:44:58+08:00][sql] SHOW FULL COLUMNS FROM `ims_massage_short_code_config` [ RunTime:0.000530s ]
[2023-11-23T12:44:58+08:00][sql] SELECT * FROM `ims_massage_short_code_config` WHERE  `uniacid` = 666 LIMIT 1 [ RunTime:0.000224s ]
[2023-11-23T12:44:58+08:00][sql] SELECT * FROM `ims_shequshop_school_config` WHERE  `uniacid` = 666 LIMIT 1 [ RunTime:0.000322s ]
[2023-11-23T12:44:58+08:00][error] [10500]method not exist:think\db\Query->sendShortMsgzhanzhang[/www/wwwroot/love.9img.cn/vendor/topthink/think-orm/src/db/BaseQuery.php:117]
