[2023-11-22T23:24:49+08:00][sql] CONNECT:[ UseTime:0.000348s ] mysql:host=127.0.0.1;port=3306;dbname=love_9img_cn;charset=utf8mb4
[2023-11-22T23:24:49+08:00][sql] SHOW FULL COLUMNS FROM `ims_shequshop_school_pay_config` [ RunTime:0.000619s ]
[2023-11-22T23:24:49+08:00][sql] SELECT * FROM `ims_shequshop_school_pay_config` WHERE  `uniacid` = 666 LIMIT 1 [ RunTime:0.000367s ]
[2023-11-22T23:24:49+08:00][sql] SHOW FULL COLUMNS FROM `ims_shequshop_school_config` [ RunTime:0.000554s ]
[2023-11-22T23:24:49+08:00][sql] SELECT * FROM `ims_shequshop_school_config` WHERE  `uniacid` = 666 LIMIT 1 [ RunTime:0.000346s ]
[2023-11-22T23:24:49+08:00][sql] SHOW FULL COLUMNS FROM `ims_massage_service_order_list` [ RunTime:0.000815s ]
[2023-11-22T23:24:49+08:00][sql] SELECT * FROM `ims_massage_service_order_list` WHERE  `order_code` = '20231122232442029900000299'  AND `transaction_id` = '' LIMIT 1 [ RunTime:0.003403s ]
[2023-11-22T23:24:50+08:00][sql] CONNECT:[ UseTime:0.000331s ] mysql:host=127.0.0.1;port=3306;dbname=love_9img_cn;charset=utf8mb4
[2023-11-22T23:24:50+08:00][sql] SHOW FULL COLUMNS FROM `ims_shequshop_school_pay_config` [ RunTime:0.000690s ]
[2023-11-22T23:24:50+08:00][sql] SELECT * FROM `ims_shequshop_school_pay_config` WHERE  `uniacid` = 666 LIMIT 1 [ RunTime:0.000323s ]
[2023-11-22T23:24:50+08:00][sql] SHOW FULL COLUMNS FROM `ims_shequshop_school_config` [ RunTime:0.000551s ]
[2023-11-22T23:24:50+08:00][sql] SELECT * FROM `ims_shequshop_school_config` WHERE  `uniacid` = 666 LIMIT 1 [ RunTime:0.000331s ]
[2023-11-22T23:24:50+08:00][sql] SHOW FULL COLUMNS FROM `ims_massage_service_order_list` [ RunTime:0.000944s ]
[2023-11-22T23:24:50+08:00][sql] SELECT * FROM `ims_massage_service_order_list` WHERE  `order_code` = '20231122232442029900000299'  AND `transaction_id` = '' LIMIT 1 [ RunTime:0.003422s ]
[2023-11-22T23:24:50+08:00][sql] SHOW FULL COLUMNS FROM `ims_massage_service_coach_list` [ RunTime:0.000588s ]
[2023-11-22T23:24:50+08:00][sql] SELECT `id`,`coach_name`,`mobile`,`work_img` FROM `ims_massage_service_coach_list` WHERE  `id` = 331 LIMIT 1 [ RunTime:0.000208s ]
[2023-11-22T23:24:50+08:00][sql] SHOW FULL COLUMNS FROM `ims_massage_service_order_goods_list` [ RunTime:0.000417s ]
[2023-11-22T23:24:50+08:00][sql] SELECT * FROM `ims_massage_service_order_goods_list` WHERE  `order_id` = 4617  AND `status` = 1 [ RunTime:0.000236s ]
[2023-11-22T23:24:50+08:00][sql] SHOW FULL COLUMNS FROM `ims_massage_service_refund_order` [ RunTime:0.000486s ]
[2023-11-22T23:24:50+08:00][sql] SELECT SUM(`b`.`num`) AS think_sum FROM `ims_massage_service_refund_order` `a` INNER JOIN `ims_massage_service_refund_order_goods` `b` ON `a`.`id`=`b`.`refund_id` WHERE  `b`.`order_goods_id` = '3858'  AND `a`.`status` = '2' LIMIT 1 [ RunTime:0.000361s ]
[2023-11-22T23:24:50+08:00][sql] SELECT SUM(`num`) AS think_sum FROM `ims_massage_service_order_goods_list` WHERE  `order_id` = 4617  AND `status` = 1 LIMIT 1 [ RunTime:0.000182s ]
[2023-11-22T23:24:50+08:00][sql] SHOW FULL COLUMNS FROM `ims_massage_service_order_address` [ RunTime:0.000397s ]
[2023-11-22T23:24:50+08:00][sql] SELECT * FROM `ims_massage_service_order_address` WHERE  `order_id` = 4617 LIMIT 1 [ RunTime:0.000195s ]
[2023-11-22T23:24:50+08:00][sql] UPDATE `ims_massage_service_order_list`  SET `transaction_id` = '4200001996202311225771160699' , `pay_type` = 2 , `pay_time` = 1700666688  WHERE  `id` = 4617  AND `transaction_id` = '' [ RunTime:0.000276s ]
[2023-11-22T23:24:50+08:00][sql] SHOW FULL COLUMNS FROM `ims_massage_service_order_commission` [ RunTime:0.000414s ]
[2023-11-22T23:24:50+08:00][sql] UPDATE `ims_massage_service_order_commission`  SET `status` = 1 , `update_time` = 1700666688  WHERE  `order_id` = 4617  AND `status` = -1 [ RunTime:0.001798s ]
[2023-11-22T23:24:50+08:00][sql] SHOW FULL COLUMNS FROM `ims_massage_service_order_price_log` [ RunTime:0.000656s ]
[2023-11-22T23:24:50+08:00][sql] INSERT INTO `ims_massage_service_order_price_log` SET `uniacid` = 666 , `order_id` = 4617 , `order_price` = '391.95' , `top_order_id` = 4617 , `is_top` = 1 , `order_code` = '20231122232442029900000299' , `transaction_id` = '' [ RunTime:0.008373s ]
[2023-11-22T23:24:50+08:00][sql] SHOW FULL COLUMNS FROM `ims_massage_service_notice_list` [ RunTime:0.000616s ]
[2023-11-22T23:24:50+08:00][sql] INSERT INTO `ims_massage_service_notice_list` SET `uniacid` = 666 , `order_id` = 4617 , `type` = 1 , `admin_id` = 0 , `create_time` = 1700666688 [ RunTime:0.004330s ]
[2023-11-22T23:24:50+08:00][sql] SELECT `user_id` FROM `ims_massage_service_coach_list` WHERE  `id` = 331 LIMIT 1 [ RunTime:0.000212s ]
[2023-11-22T23:24:50+08:00][sql] SHOW FULL COLUMNS FROM `ims_massage_service_user_list` [ RunTime:0.000456s ]
[2023-11-22T23:24:50+08:00][sql] SELECT * FROM `ims_massage_service_user_list` WHERE  `id` = 1517 LIMIT 1 [ RunTime:0.000302s ]
[2023-11-22T23:24:50+08:00][sql] SHOW FULL COLUMNS FROM `ims_massage_send_msg_config` [ RunTime:0.000650s ]
[2023-11-22T23:24:50+08:00][sql] SELECT * FROM `ims_massage_send_msg_config` WHERE  `uniacid` = 666 LIMIT 1 [ RunTime:0.000177s ]
[2023-11-22T23:24:50+08:00][sql] SELECT * FROM `ims_shequshop_school_config` WHERE  `uniacid` = 666 LIMIT 1 [ RunTime:0.000309s ]
[2023-11-22T23:24:50+08:00][sql] SELECT * FROM `ims_massage_send_msg_config` WHERE  `uniacid` = 666 LIMIT 1 [ RunTime:0.000161s ]
[2023-11-22T23:24:50+08:00][sql] SELECT `b`.`web_openid` FROM `ims_massage_service_coach_list` `a` INNER JOIN `ims_massage_service_user_list` `b` ON `a`.`user_id`=`b`.`id` WHERE  `a`.`id` = '331' LIMIT 1 [ RunTime:0.000239s ]
[2023-11-22T23:24:50+08:00][sql] SELECT `coach_name` FROM `ims_massage_service_coach_list` WHERE  `id` = 331 LIMIT 1 [ RunTime:0.000184s ]
[2023-11-22T23:24:50+08:00][sql] SELECT * FROM `ims_shequshop_school_config` WHERE  `uniacid` = 666 LIMIT 1 [ RunTime:0.000313s ]
[2023-11-22T23:24:50+08:00][sql] SELECT * FROM `ims_shequshop_school_config` WHERE  `uniacid` = 666 LIMIT 1 [ RunTime:0.000358s ]
[2023-11-22T23:24:50+08:00][sql] SELECT `phone` FROM `ims_massage_service_user_list` WHERE  `id` = 3883 LIMIT 1 [ RunTime:0.000166s ]
[2023-11-22T23:24:50+08:00][sql] SELECT * FROM `ims_massage_send_msg_config` WHERE  `uniacid` = 666 LIMIT 1 [ RunTime:0.000450s ]
[2023-11-22T23:24:50+08:00][sql] SELECT * FROM `ims_shequshop_school_config` WHERE  `uniacid` = 666 LIMIT 1 [ RunTime:0.000367s ]
[2023-11-22T23:24:50+08:00][sql] SELECT * FROM `ims_massage_send_msg_config` WHERE  `uniacid` = 666 LIMIT 1 [ RunTime:0.000176s ]
[2023-11-22T23:24:50+08:00][sql] SELECT `coach_name` FROM `ims_massage_service_coach_list` WHERE  `id` = 331 LIMIT 1 [ RunTime:0.000183s ]
[2023-11-22T23:24:50+08:00][sql] SELECT * FROM `ims_shequshop_school_config` WHERE  `uniacid` = 666 LIMIT 1 [ RunTime:0.000300s ]
[2023-11-22T23:24:50+08:00][sql] SELECT * FROM `ims_shequshop_school_config` WHERE  `uniacid` = 666 LIMIT 1 [ RunTime:0.000295s ]
[2023-11-22T23:24:50+08:00][sql] SELECT `phone` FROM `ims_massage_service_user_list` WHERE  `id` = 3883 LIMIT 1 [ RunTime:0.000191s ]
[2023-11-22T23:24:50+08:00][sql] SELECT * FROM `ims_massage_send_msg_config` WHERE  `uniacid` = 666 LIMIT 1 [ RunTime:0.000367s ]
[2023-11-22T23:24:50+08:00][sql] SELECT * FROM `ims_shequshop_school_config` WHERE  `uniacid` = 666 LIMIT 1 [ RunTime:0.000388s ]
[2023-11-22T23:24:50+08:00][sql] SELECT * FROM `ims_massage_send_msg_config` WHERE  `uniacid` = 666 LIMIT 1 [ RunTime:0.000220s ]
[2023-11-22T23:24:50+08:00][sql] SELECT `coach_name` FROM `ims_massage_service_coach_list` WHERE  `id` = 331 LIMIT 1 [ RunTime:0.000182s ]
[2023-11-22T23:24:50+08:00][sql] SELECT * FROM `ims_shequshop_school_config` WHERE  `uniacid` = 666 LIMIT 1 [ RunTime:0.000312s ]
[2023-11-22T23:24:50+08:00][sql] SELECT * FROM `ims_shequshop_school_config` WHERE  `uniacid` = 666 LIMIT 1 [ RunTime:0.000282s ]
[2023-11-22T23:24:50+08:00][sql] SELECT `phone` FROM `ims_massage_service_user_list` WHERE  `id` = 3883 LIMIT 1 [ RunTime:0.000265s ]
[2023-11-22T23:24:50+08:00][sql] SELECT `mobile` FROM `ims_massage_service_coach_list` WHERE  `id` = 331 LIMIT 1 [ RunTime:0.000349s ]
[2023-11-22T23:24:50+08:00][sql] SHOW FULL COLUMNS FROM `ims_massage_short_code_config` [ RunTime:0.000544s ]
[2023-11-22T23:24:50+08:00][sql] SELECT * FROM `ims_massage_short_code_config` WHERE  `uniacid` = 666 LIMIT 1 [ RunTime:0.000220s ]
[2023-11-22T23:24:50+08:00][sql] SELECT * FROM `ims_shequshop_school_config` WHERE  `uniacid` = 666 LIMIT 1 [ RunTime:0.000307s ]
[2023-11-22T23:24:50+08:00][error] [10500]method not exist:think\db\Query->sendShortMsgzhanzhang[/www/wwwroot/love.9img.cn/vendor/topthink/think-orm/src/db/BaseQuery.php:117]
